2024-06-25 00:01:14.489  INFO 1876 --- [Traffic-predict] [ITS-2] c.e.Trafficpredict.service.ITSService    : fetchAndStoreTrafficData started in thread: ITS-2
2024-06-25 00:01:18.789  INFO 1876 --- [Traffic-predict] [ITS-2] c.e.Trafficpredict.service.ITSService    : Batch processing started in thread: ITS-2. Total items to process: 8755
2024-06-25 00:01:19.747  INFO 1876 --- [Traffic-predict] [ITS-2] c.e.Trafficpredict.service.ITSService    : Processed batch from index 0 to 199. Batch size: 200
2024-06-25 00:01:20.687  INFO 1876 --- [Traffic-predict] [ITS-2] c.e.Trafficpredict.service.ITSService    : Processed batch from index 200 to 399. Batch size: 200
2024-06-25 00:01:21.629  INFO 1876 --- [Traffic-predict] [ITS-2] c.e.Trafficpredict.service.ITSService    : Processed batch from index 400 to 599. Batch size: 200
2024-06-25 00:01:22.571  INFO 1876 --- [Traffic-predict] [ITS-2] c.e.Trafficpredict.service.ITSService    : Processed batch from index 600 to 799. Batch size: 200
2024-06-25 00:01:23.541  INFO 1876 --- [Traffic-predict] [ITS-2] c.e.Trafficpredict.service.ITSService    : Processed batch from index 800 to 999. Batch size: 200
2024-06-25 00:01:24.487  INFO 1876 --- [Traffic-predict] [ITS-2] c.e.Trafficpredict.service.ITSService    : Processed batch from index 1000 to 1199. Batch size: 200
2024-06-25 00:01:25.423  INFO 1876 --- [Traffic-predict] [ITS-2] c.e.Trafficpredict.service.ITSService    : Processed batch from index 1200 to 1399. Batch size: 200
2024-06-25 00:01:26.345  INFO 1876 --- [Traffic-predict] [ITS-2] c.e.Trafficpredict.service.ITSService    : Processed batch from index 1400 to 1599. Batch size: 200
2024-06-25 00:01:27.301  INFO 1876 --- [Traffic-predict] [ITS-2] c.e.Trafficpredict.service.ITSService    : Processed batch from index 1600 to 1799. Batch size: 200
2024-06-25 00:01:28.219  INFO 1876 --- [Traffic-predict] [ITS-2] c.e.Trafficpredict.service.ITSService    : Processed batch from index 1800 to 1999. Batch size: 200
2024-06-25 00:01:29.137  INFO 1876 --- [Traffic-predict] [ITS-2] c.e.Trafficpredict.service.ITSService    : Processed batch from index 2000 to 2199. Batch size: 200
2024-06-25 00:01:30.065  INFO 1876 --- [Traffic-predict] [ITS-2] c.e.Trafficpredict.service.ITSService    : Processed batch from index 2200 to 2399. Batch size: 200
2024-06-25 00:01:31.016  INFO 1876 --- [Traffic-predict] [ITS-2] c.e.Trafficpredict.service.ITSService    : Processed batch from index 2400 to 2599. Batch size: 200
2024-06-25 00:01:31.969  INFO 1876 --- [Traffic-predict] [ITS-2] c.e.Trafficpredict.service.ITSService    : Processed batch from index 2600 to 2799. Batch size: 200
2024-06-25 00:01:32.901  INFO 1876 --- [Traffic-predict] [ITS-2] c.e.Trafficpredict.service.ITSService    : Processed batch from index 2800 to 2999. Batch size: 200
2024-06-25 00:01:33.863  INFO 1876 --- [Traffic-predict] [ITS-2] c.e.Trafficpredict.service.ITSService    : Processed batch from index 3000 to 3199. Batch size: 200
2024-06-25 00:01:34.781  INFO 1876 --- [Traffic-predict] [ITS-2] c.e.Trafficpredict.service.ITSService    : Processed batch from index 3200 to 3399. Batch size: 200
2024-06-25 00:01:35.691  INFO 1876 --- [Traffic-predict] [ITS-2] c.e.Trafficpredict.service.ITSService    : Processed batch from index 3400 to 3599. Batch size: 200
2024-06-25 00:01:36.611  INFO 1876 --- [Traffic-predict] [ITS-2] c.e.Trafficpredict.service.ITSService    : Processed batch from index 3600 to 3799. Batch size: 200
2024-06-25 00:01:37.548  INFO 1876 --- [Traffic-predict] [ITS-2] c.e.Trafficpredict.service.ITSService    : Processed batch from index 3800 to 3999. Batch size: 200
2024-06-25 00:01:38.511  INFO 1876 --- [Traffic-predict] [ITS-2] c.e.Trafficpredict.service.ITSService    : Processed batch from index 4000 to 4199. Batch size: 200
2024-06-25 00:01:39.447  INFO 1876 --- [Traffic-predict] [ITS-2] c.e.Trafficpredict.service.ITSService    : Processed batch from index 4200 to 4399. Batch size: 200
2024-06-25 00:01:40.386  INFO 1876 --- [Traffic-predict] [ITS-2] c.e.Trafficpredict.service.ITSService    : Processed batch from index 4400 to 4599. Batch size: 200
2024-06-25 00:01:41.347  INFO 1876 --- [Traffic-predict] [ITS-2] c.e.Trafficpredict.service.ITSService    : Processed batch from index 4600 to 4799. Batch size: 200
2024-06-25 00:01:42.327  INFO 1876 --- [Traffic-predict] [ITS-2] c.e.Trafficpredict.service.ITSService    : Processed batch from index 4800 to 4999. Batch size: 200
2024-06-25 00:01:43.335  INFO 1876 --- [Traffic-predict] [ITS-2] c.e.Trafficpredict.service.ITSService    : Processed batch from index 5000 to 5199. Batch size: 200
2024-06-25 00:01:44.440  INFO 1876 --- [Traffic-predict] [ITS-2] c.e.Trafficpredict.service.ITSService    : Processed batch from index 5200 to 5399. Batch size: 200
2024-06-25 00:01:45.576  INFO 1876 --- [Traffic-predict] [ITS-2] c.e.Trafficpredict.service.ITSService    : Processed batch from index 5400 to 5599. Batch size: 200
2024-06-25 00:01:46.560  INFO 1876 --- [Traffic-predict] [ITS-2] c.e.Trafficpredict.service.ITSService    : Processed batch from index 5600 to 5799. Batch size: 200
2024-06-25 00:01:47.609  INFO 1876 --- [Traffic-predict] [ITS-2] c.e.Trafficpredict.service.ITSService    : Processed batch from index 5800 to 5999. Batch size: 200
2024-06-25 00:01:48.604  INFO 1876 --- [Traffic-predict] [ITS-2] c.e.Trafficpredict.service.ITSService    : Processed batch from index 6000 to 6199. Batch size: 200
2024-06-25 00:01:49.594  INFO 1876 --- [Traffic-predict] [ITS-2] c.e.Trafficpredict.service.ITSService    : Processed batch from index 6200 to 6399. Batch size: 200
2024-06-25 00:01:50.554  INFO 1876 --- [Traffic-predict] [ITS-2] c.e.Trafficpredict.service.ITSService    : Processed batch from index 6400 to 6599. Batch size: 200
2024-06-25 00:01:51.509  INFO 1876 --- [Traffic-predict] [ITS-2] c.e.Trafficpredict.service.ITSService    : Processed batch from index 6600 to 6799. Batch size: 200
2024-06-25 00:01:52.448  INFO 1876 --- [Traffic-predict] [ITS-2] c.e.Trafficpredict.service.ITSService    : Processed batch from index 6800 to 6999. Batch size: 200
2024-06-25 00:01:53.451  INFO 1876 --- [Traffic-predict] [ITS-2] c.e.Trafficpredict.service.ITSService    : Processed batch from index 7000 to 7199. Batch size: 200
2024-06-25 00:01:54.397  INFO 1876 --- [Traffic-predict] [ITS-2] c.e.Trafficpredict.service.ITSService    : Processed batch from index 7200 to 7399. Batch size: 200
2024-06-25 00:01:55.373  INFO 1876 --- [Traffic-predict] [ITS-2] c.e.Trafficpredict.service.ITSService    : Processed batch from index 7400 to 7599. Batch size: 200
2024-06-25 00:01:56.446  INFO 1876 --- [Traffic-predict] [ITS-2] c.e.Trafficpredict.service.ITSService    : Processed batch from index 7600 to 7799. Batch size: 200
2024-06-25 00:01:57.454  INFO 1876 --- [Traffic-predict] [ITS-2] c.e.Trafficpredict.service.ITSService    : Processed batch from index 7800 to 7999. Batch size: 200
2024-06-25 00:01:58.440  INFO 1876 --- [Traffic-predict] [ITS-2] c.e.Trafficpredict.service.ITSService    : Processed batch from index 8000 to 8199. Batch size: 200
2024-06-25 00:01:59.378  INFO 1876 --- [Traffic-predict] [ITS-2] c.e.Trafficpredict.service.ITSService    : Processed batch from index 8200 to 8399. Batch size: 200
2024-06-25 00:02:00.350  INFO 1876 --- [Traffic-predict] [ITS-2] c.e.Trafficpredict.service.ITSService    : Processed batch from index 8400 to 8599. Batch size: 200
2024-06-25 00:02:01.127  INFO 1876 --- [Traffic-predict] [ITS-2] c.e.Trafficpredict.service.ITSService    : Processed batch from index 8600 to 8754. Batch size: 155
2024-06-25 00:02:01.127  INFO 1876 --- [Traffic-predict] [ITS-2] c.e.Trafficpredict.service.ITSService    : Batch processing completed. Total items processed: 8755
2024-06-25 00:02:01.127  INFO 1876 --- [Traffic-predict] [ITS-2] c.e.Trafficpredict.service.ITSService    : Scheduled API call executed successfully.
2024-06-25 00:02:39.281  INFO 1876 --- [Traffic-predict] [ITS-2] c.e.Trafficpredict.service.ITSService    : Cache updated with the most recent traffic data.
2024-06-25 00:02:40.618  INFO 1876 --- [Traffic-predict] [ITS-2] c.e.Trafficpredict.service.ITSService    : Old data cleaned up successfully. Before: 138410, After: 138410
2024-06-25 00:06:14.500  INFO 1876 --- [Traffic-predict] [ITS-1] c.e.Trafficpredict.service.ITSService    : fetchAndStoreTrafficData started in thread: ITS-1
2024-06-25 00:06:18.186  INFO 1876 --- [Traffic-predict] [ITS-1] c.e.Trafficpredict.service.ITSService    : Batch processing started in thread: ITS-1. Total items to process: 8755
2024-06-25 00:06:19.005  INFO 1876 --- [Traffic-predict] [ITS-1] c.e.Trafficpredict.service.ITSService    : Processed batch from index 0 to 199. Batch size: 200
2024-06-25 00:06:19.809  INFO 1876 --- [Traffic-predict] [ITS-1] c.e.Trafficpredict.service.ITSService    : Processed batch from index 200 to 399. Batch size: 200
2024-06-25 00:06:20.654  INFO 1876 --- [Traffic-predict] [ITS-1] c.e.Trafficpredict.service.ITSService    : Processed batch from index 400 to 599. Batch size: 200
2024-06-25 00:06:21.489  INFO 1876 --- [Traffic-predict] [ITS-1] c.e.Trafficpredict.service.ITSService    : Processed batch from index 600 to 799. Batch size: 200
2024-06-25 00:06:22.301  INFO 1876 --- [Traffic-predict] [ITS-1] c.e.Trafficpredict.service.ITSService    : Processed batch from index 800 to 999. Batch size: 200
2024-06-25 00:06:23.120  INFO 1876 --- [Traffic-predict] [ITS-1] c.e.Trafficpredict.service.ITSService    : Processed batch from index 1000 to 1199. Batch size: 200
2024-06-25 00:06:23.949  INFO 1876 --- [Traffic-predict] [ITS-1] c.e.Trafficpredict.service.ITSService    : Processed batch from index 1200 to 1399. Batch size: 200
2024-06-25 00:06:24.766  INFO 1876 --- [Traffic-predict] [ITS-1] c.e.Trafficpredict.service.ITSService    : Processed batch from index 1400 to 1599. Batch size: 200
2024-06-25 00:06:25.613  INFO 1876 --- [Traffic-predict] [ITS-1] c.e.Trafficpredict.service.ITSService    : Processed batch from index 1600 to 1799. Batch size: 200
2024-06-25 00:06:26.456  INFO 1876 --- [Traffic-predict] [ITS-1] c.e.Trafficpredict.service.ITSService    : Processed batch from index 1800 to 1999. Batch size: 200
2024-06-25 00:06:27.268  INFO 1876 --- [Traffic-predict] [ITS-1] c.e.Trafficpredict.service.ITSService    : Processed batch from index 2000 to 2199. Batch size: 200
2024-06-25 00:06:28.082  INFO 1876 --- [Traffic-predict] [ITS-1] c.e.Trafficpredict.service.ITSService    : Processed batch from index 2200 to 2399. Batch size: 200
2024-06-25 00:06:28.891  INFO 1876 --- [Traffic-predict] [ITS-1] c.e.Trafficpredict.service.ITSService    : Processed batch from index 2400 to 2599. Batch size: 200
2024-06-25 00:06:29.685  INFO 1876 --- [Traffic-predict] [ITS-1] c.e.Trafficpredict.service.ITSService    : Processed batch from index 2600 to 2799. Batch size: 200
2024-06-25 00:06:30.486  INFO 1876 --- [Traffic-predict] [ITS-1] c.e.Trafficpredict.service.ITSService    : Processed batch from index 2800 to 2999. Batch size: 200
2024-06-25 00:06:31.333  INFO 1876 --- [Traffic-predict] [ITS-1] c.e.Trafficpredict.service.ITSService    : Processed batch from index 3000 to 3199. Batch size: 200
2024-06-25 00:06:32.137  INFO 1876 --- [Traffic-predict] [ITS-1] c.e.Trafficpredict.service.ITSService    : Processed batch from index 3200 to 3399. Batch size: 200
2024-06-25 00:06:32.951  INFO 1876 --- [Traffic-predict] [ITS-1] c.e.Trafficpredict.service.ITSService    : Processed batch from index 3400 to 3599. Batch size: 200
2024-06-25 00:06:33.766  INFO 1876 --- [Traffic-predict] [ITS-1] c.e.Trafficpredict.service.ITSService    : Processed batch from index 3600 to 3799. Batch size: 200
2024-06-25 00:06:34.594  INFO 1876 --- [Traffic-predict] [ITS-1] c.e.Trafficpredict.service.ITSService    : Processed batch from index 3800 to 3999. Batch size: 200
2024-06-25 00:06:35.405  INFO 1876 --- [Traffic-predict] [ITS-1] c.e.Trafficpredict.service.ITSService    : Processed batch from index 4000 to 4199. Batch size: 200
2024-06-25 00:06:36.239  INFO 1876 --- [Traffic-predict] [ITS-1] c.e.Trafficpredict.service.ITSService    : Processed batch from index 4200 to 4399. Batch size: 200
2024-06-25 00:06:37.035  INFO 1876 --- [Traffic-predict] [ITS-1] c.e.Trafficpredict.service.ITSService    : Processed batch from index 4400 to 4599. Batch size: 200
2024-06-25 00:06:37.874  INFO 1876 --- [Traffic-predict] [ITS-1] c.e.Trafficpredict.service.ITSService    : Processed batch from index 4600 to 4799. Batch size: 200
2024-06-25 00:06:38.701  INFO 1876 --- [Traffic-predict] [ITS-1] c.e.Trafficpredict.service.ITSService    : Processed batch from index 4800 to 4999. Batch size: 200
2024-06-25 00:06:39.532  INFO 1876 --- [Traffic-predict] [ITS-1] c.e.Trafficpredict.service.ITSService    : Processed batch from index 5000 to 5199. Batch size: 200
2024-06-25 00:06:40.334  INFO 1876 --- [Traffic-predict] [ITS-1] c.e.Trafficpredict.service.ITSService    : Processed batch from index 5200 to 5399. Batch size: 200
2024-06-25 00:06:41.168  INFO 1876 --- [Traffic-predict] [ITS-1] c.e.Trafficpredict.service.ITSService    : Processed batch from index 5400 to 5599. Batch size: 200
2024-06-25 00:06:41.986  INFO 1876 --- [Traffic-predict] [ITS-1] c.e.Trafficpredict.service.ITSService    : Processed batch from index 5600 to 5799. Batch size: 200
2024-06-25 00:06:42.820  INFO 1876 --- [Traffic-predict] [ITS-1] c.e.Trafficpredict.service.ITSService    : Processed batch from index 5800 to 5999. Batch size: 200
2024-06-25 00:06:43.733  INFO 1876 --- [Traffic-predict] [ITS-1] c.e.Trafficpredict.service.ITSService    : Processed batch from index 6000 to 6199. Batch size: 200
2024-06-25 00:06:44.587  INFO 1876 --- [Traffic-predict] [ITS-1] c.e.Trafficpredict.service.ITSService    : Processed batch from index 6200 to 6399. Batch size: 200
2024-06-25 00:06:45.385  INFO 1876 --- [Traffic-predict] [ITS-1] c.e.Trafficpredict.service.ITSService    : Processed batch from index 6400 to 6599. Batch size: 200
2024-06-25 00:06:46.216  INFO 1876 --- [Traffic-predict] [ITS-1] c.e.Trafficpredict.service.ITSService    : Processed batch from index 6600 to 6799. Batch size: 200
2024-06-25 00:06:47.048  INFO 1876 --- [Traffic-predict] [ITS-1] c.e.Trafficpredict.service.ITSService    : Processed batch from index 6800 to 6999. Batch size: 200
2024-06-25 00:06:47.902  INFO 1876 --- [Traffic-predict] [ITS-1] c.e.Trafficpredict.service.ITSService    : Processed batch from index 7000 to 7199. Batch size: 200
2024-06-25 00:06:48.710  INFO 1876 --- [Traffic-predict] [ITS-1] c.e.Trafficpredict.service.ITSService    : Processed batch from index 7200 to 7399. Batch size: 200
2024-06-25 00:06:49.532  INFO 1876 --- [Traffic-predict] [ITS-1] c.e.Trafficpredict.service.ITSService    : Processed batch from index 7400 to 7599. Batch size: 200
2024-06-25 00:06:50.327  INFO 1876 --- [Traffic-predict] [ITS-1] c.e.Trafficpredict.service.ITSService    : Processed batch from index 7600 to 7799. Batch size: 200
2024-06-25 00:06:51.140  INFO 1876 --- [Traffic-predict] [ITS-1] c.e.Trafficpredict.service.ITSService    : Processed batch from index 7800 to 7999. Batch size: 200
2024-06-25 00:06:51.960  INFO 1876 --- [Traffic-predict] [ITS-1] c.e.Trafficpredict.service.ITSService    : Processed batch from index 8000 to 8199. Batch size: 200
2024-06-25 00:06:52.773  INFO 1876 --- [Traffic-predict] [ITS-1] c.e.Trafficpredict.service.ITSService    : Processed batch from index 8200 to 8399. Batch size: 200
2024-06-25 00:06:53.635  INFO 1876 --- [Traffic-predict] [ITS-1] c.e.Trafficpredict.service.ITSService    : Processed batch from index 8400 to 8599. Batch size: 200
2024-06-25 00:06:54.281  INFO 1876 --- [Traffic-predict] [ITS-1] c.e.Trafficpredict.service.ITSService    : Processed batch from index 8600 to 8754. Batch size: 155
2024-06-25 00:06:54.281  INFO 1876 --- [Traffic-predict] [ITS-1] c.e.Trafficpredict.service.ITSService    : Batch processing completed. Total items processed: 8755
2024-06-25 00:06:54.281  INFO 1876 --- [Traffic-predict] [ITS-1] c.e.Trafficpredict.service.ITSService    : Scheduled API call executed successfully.
2024-06-25 00:07:20.243  INFO 1876 --- [Traffic-predict] [ITS-1] c.e.Trafficpredict.service.ITSService    : Cache updated with the most recent traffic data.
2024-06-25 00:07:21.225  INFO 1876 --- [Traffic-predict] [ITS-1] c.e.Trafficpredict.service.ITSService    : Old data cleaned up successfully. Before: 155920, After: 155920
2024-06-25 00:11:14.496  INFO 1876 --- [Traffic-predict] [ITS-2] c.e.Trafficpredict.service.ITSService    : fetchAndStoreTrafficData started in thread: ITS-2
2024-06-25 00:11:17.943  INFO 1876 --- [Traffic-predict] [ITS-2] c.e.Trafficpredict.service.ITSService    : Batch processing started in thread: ITS-2. Total items to process: 8755
2024-06-25 00:11:18.792  INFO 1876 --- [Traffic-predict] [ITS-2] c.e.Trafficpredict.service.ITSService    : Processed batch from index 0 to 199. Batch size: 200
2024-06-25 00:11:19.563  INFO 1876 --- [Traffic-predict] [ITS-2] c.e.Trafficpredict.service.ITSService    : Processed batch from index 200 to 399. Batch size: 200
2024-06-25 00:11:20.338  INFO 1876 --- [Traffic-predict] [ITS-2] c.e.Trafficpredict.service.ITSService    : Processed batch from index 400 to 599. Batch size: 200
2024-06-25 00:11:21.104  INFO 1876 --- [Traffic-predict] [ITS-2] c.e.Trafficpredict.service.ITSService    : Processed batch from index 600 to 799. Batch size: 200
2024-06-25 00:11:21.858  INFO 1876 --- [Traffic-predict] [ITS-2] c.e.Trafficpredict.service.ITSService    : Processed batch from index 800 to 999. Batch size: 200
2024-06-25 00:11:22.627  INFO 1876 --- [Traffic-predict] [ITS-2] c.e.Trafficpredict.service.ITSService    : Processed batch from index 1000 to 1199. Batch size: 200
2024-06-25 00:11:23.443  INFO 1876 --- [Traffic-predict] [ITS-2] c.e.Trafficpredict.service.ITSService    : Processed batch from index 1200 to 1399. Batch size: 200
2024-06-25 00:11:24.207  INFO 1876 --- [Traffic-predict] [ITS-2] c.e.Trafficpredict.service.ITSService    : Processed batch from index 1400 to 1599. Batch size: 200
2024-06-25 00:11:24.967  INFO 1876 --- [Traffic-predict] [ITS-2] c.e.Trafficpredict.service.ITSService    : Processed batch from index 1600 to 1799. Batch size: 200
2024-06-25 00:11:25.739  INFO 1876 --- [Traffic-predict] [ITS-2] c.e.Trafficpredict.service.ITSService    : Processed batch from index 1800 to 1999. Batch size: 200
2024-06-25 00:11:26.519  INFO 1876 --- [Traffic-predict] [ITS-2] c.e.Trafficpredict.service.ITSService    : Processed batch from index 2000 to 2199. Batch size: 200
2024-06-25 00:11:27.273  INFO 1876 --- [Traffic-predict] [ITS-2] c.e.Trafficpredict.service.ITSService    : Processed batch from index 2200 to 2399. Batch size: 200
2024-06-25 00:11:28.034  INFO 1876 --- [Traffic-predict] [ITS-2] c.e.Trafficpredict.service.ITSService    : Processed batch from index 2400 to 2599. Batch size: 200
2024-06-25 00:11:28.808  INFO 1876 --- [Traffic-predict] [ITS-2] c.e.Trafficpredict.service.ITSService    : Processed batch from index 2600 to 2799. Batch size: 200
2024-06-25 00:11:29.574  INFO 1876 --- [Traffic-predict] [ITS-2] c.e.Trafficpredict.service.ITSService    : Processed batch from index 2800 to 2999. Batch size: 200
2024-06-25 00:11:30.349  INFO 1876 --- [Traffic-predict] [ITS-2] c.e.Trafficpredict.service.ITSService    : Processed batch from index 3000 to 3199. Batch size: 200
2024-06-25 00:11:31.125  INFO 1876 --- [Traffic-predict] [ITS-2] c.e.Trafficpredict.service.ITSService    : Processed batch from index 3200 to 3399. Batch size: 200
2024-06-25 00:11:31.911  INFO 1876 --- [Traffic-predict] [ITS-2] c.e.Trafficpredict.service.ITSService    : Processed batch from index 3400 to 3599. Batch size: 200
2024-06-25 00:11:32.692  INFO 1876 --- [Traffic-predict] [ITS-2] c.e.Trafficpredict.service.ITSService    : Processed batch from index 3600 to 3799. Batch size: 200
2024-06-25 00:11:33.487  INFO 1876 --- [Traffic-predict] [ITS-2] c.e.Trafficpredict.service.ITSService    : Processed batch from index 3800 to 3999. Batch size: 200
2024-06-25 00:11:34.254  INFO 1876 --- [Traffic-predict] [ITS-2] c.e.Trafficpredict.service.ITSService    : Processed batch from index 4000 to 4199. Batch size: 200
2024-06-25 00:11:35.008  INFO 1876 --- [Traffic-predict] [ITS-2] c.e.Trafficpredict.service.ITSService    : Processed batch from index 4200 to 4399. Batch size: 200
2024-06-25 00:11:35.765  INFO 1876 --- [Traffic-predict] [ITS-2] c.e.Trafficpredict.service.ITSService    : Processed batch from index 4400 to 4599. Batch size: 200
2024-06-25 00:11:36.581  INFO 1876 --- [Traffic-predict] [ITS-2] c.e.Trafficpredict.service.ITSService    : Processed batch from index 4600 to 4799. Batch size: 200
2024-06-25 00:11:37.342  INFO 1876 --- [Traffic-predict] [ITS-2] c.e.Trafficpredict.service.ITSService    : Processed batch from index 4800 to 4999. Batch size: 200
2024-06-25 00:11:38.123  INFO 1876 --- [Traffic-predict] [ITS-2] c.e.Trafficpredict.service.ITSService    : Processed batch from index 5000 to 5199. Batch size: 200
2024-06-25 00:11:39.003  INFO 1876 --- [Traffic-predict] [ITS-2] c.e.Trafficpredict.service.ITSService    : Processed batch from index 5200 to 5399. Batch size: 200
2024-06-25 00:11:39.787  INFO 1876 --- [Traffic-predict] [ITS-2] c.e.Trafficpredict.service.ITSService    : Processed batch from index 5400 to 5599. Batch size: 200
2024-06-25 00:11:40.549  INFO 1876 --- [Traffic-predict] [ITS-2] c.e.Trafficpredict.service.ITSService    : Processed batch from index 5600 to 5799. Batch size: 200
2024-06-25 00:11:41.317  INFO 1876 --- [Traffic-predict] [ITS-2] c.e.Trafficpredict.service.ITSService    : Processed batch from index 5800 to 5999. Batch size: 200
2024-06-25 00:11:42.121  INFO 1876 --- [Traffic-predict] [ITS-2] c.e.Trafficpredict.service.ITSService    : Processed batch from index 6000 to 6199. Batch size: 200
2024-06-25 00:11:42.899  INFO 1876 --- [Traffic-predict] [ITS-2] c.e.Trafficpredict.service.ITSService    : Processed batch from index 6200 to 6399. Batch size: 200
2024-06-25 00:11:43.651  INFO 1876 --- [Traffic-predict] [ITS-2] c.e.Trafficpredict.service.ITSService    : Processed batch from index 6400 to 6599. Batch size: 200
2024-06-25 00:11:44.404  INFO 1876 --- [Traffic-predict] [ITS-2] c.e.Trafficpredict.service.ITSService    : Processed batch from index 6600 to 6799. Batch size: 200
2024-06-25 00:11:45.133  INFO 1876 --- [Traffic-predict] [ITS-2] c.e.Trafficpredict.service.ITSService    : Processed batch from index 6800 to 6999. Batch size: 200
2024-06-25 00:11:45.897  INFO 1876 --- [Traffic-predict] [ITS-2] c.e.Trafficpredict.service.ITSService    : Processed batch from index 7000 to 7199. Batch size: 200
2024-06-25 00:11:46.681  INFO 1876 --- [Traffic-predict] [ITS-2] c.e.Trafficpredict.service.ITSService    : Processed batch from index 7200 to 7399. Batch size: 200
2024-06-25 00:11:47.442  INFO 1876 --- [Traffic-predict] [ITS-2] c.e.Trafficpredict.service.ITSService    : Processed batch from index 7400 to 7599. Batch size: 200
2024-06-25 00:11:48.208  INFO 1876 --- [Traffic-predict] [ITS-2] c.e.Trafficpredict.service.ITSService    : Processed batch from index 7600 to 7799. Batch size: 200
2024-06-25 00:11:48.968  INFO 1876 --- [Traffic-predict] [ITS-2] c.e.Trafficpredict.service.ITSService    : Processed batch from index 7800 to 7999. Batch size: 200
2024-06-25 00:11:49.722  INFO 1876 --- [Traffic-predict] [ITS-2] c.e.Trafficpredict.service.ITSService    : Processed batch from index 8000 to 8199. Batch size: 200
2024-06-25 00:11:50.485  INFO 1876 --- [Traffic-predict] [ITS-2] c.e.Trafficpredict.service.ITSService    : Processed batch from index 8200 to 8399. Batch size: 200
2024-06-25 00:11:51.239  INFO 1876 --- [Traffic-predict] [ITS-2] c.e.Trafficpredict.service.ITSService    : Processed batch from index 8400 to 8599. Batch size: 200
2024-06-25 00:11:51.821  INFO 1876 --- [Traffic-predict] [ITS-2] c.e.Trafficpredict.service.ITSService    : Processed batch from index 8600 to 8754. Batch size: 155
2024-06-25 00:11:51.821  INFO 1876 --- [Traffic-predict] [ITS-2] c.e.Trafficpredict.service.ITSService    : Batch processing completed. Total items processed: 8755
2024-06-25 00:11:51.821  INFO 1876 --- [Traffic-predict] [ITS-2] c.e.Trafficpredict.service.ITSService    : Scheduled API call executed successfully.
2024-06-25 00:12:18.632  INFO 1876 --- [Traffic-predict] [ITS-2] c.e.Trafficpredict.service.ITSService    : Cache updated with the most recent traffic data.
2024-06-25 00:12:19.508  INFO 1876 --- [Traffic-predict] [ITS-2] c.e.Trafficpredict.service.ITSService    : Old data cleaned up successfully. Before: 173430, After: 173430
2024-06-25 00:16:14.486  INFO 1876 --- [Traffic-predict] [ITS-1] c.e.Trafficpredict.service.ITSService    : fetchAndStoreTrafficData started in thread: ITS-1
2024-06-25 00:16:18.572  INFO 1876 --- [Traffic-predict] [ITS-1] c.e.Trafficpredict.service.ITSService    : Batch processing started in thread: ITS-1. Total items to process: 8755
2024-06-25 00:16:19.451  INFO 1876 --- [Traffic-predict] [ITS-1] c.e.Trafficpredict.service.ITSService    : Processed batch from index 0 to 199. Batch size: 200
2024-06-25 00:16:20.336  INFO 1876 --- [Traffic-predict] [ITS-1] c.e.Trafficpredict.service.ITSService    : Processed batch from index 200 to 399. Batch size: 200
2024-06-25 00:16:21.184  INFO 1876 --- [Traffic-predict] [ITS-1] c.e.Trafficpredict.service.ITSService    : Processed batch from index 400 to 599. Batch size: 200
2024-06-25 00:16:22.072  INFO 1876 --- [Traffic-predict] [ITS-1] c.e.Trafficpredict.service.ITSService    : Processed batch from index 600 to 799. Batch size: 200
2024-06-25 00:16:22.963  INFO 1876 --- [Traffic-predict] [ITS-1] c.e.Trafficpredict.service.ITSService    : Processed batch from index 800 to 999. Batch size: 200
2024-06-25 00:16:23.864  INFO 1876 --- [Traffic-predict] [ITS-1] c.e.Trafficpredict.service.ITSService    : Processed batch from index 1000 to 1199. Batch size: 200
2024-06-25 00:16:24.735  INFO 1876 --- [Traffic-predict] [ITS-1] c.e.Trafficpredict.service.ITSService    : Processed batch from index 1200 to 1399. Batch size: 200
2024-06-25 00:16:25.677  INFO 1876 --- [Traffic-predict] [ITS-1] c.e.Trafficpredict.service.ITSService    : Processed batch from index 1400 to 1599. Batch size: 200
2024-06-25 00:16:26.548  INFO 1876 --- [Traffic-predict] [ITS-1] c.e.Trafficpredict.service.ITSService    : Processed batch from index 1600 to 1799. Batch size: 200
2024-06-25 00:16:27.419  INFO 1876 --- [Traffic-predict] [ITS-1] c.e.Trafficpredict.service.ITSService    : Processed batch from index 1800 to 1999. Batch size: 200
2024-06-25 00:16:28.279  INFO 1876 --- [Traffic-predict] [ITS-1] c.e.Trafficpredict.service.ITSService    : Processed batch from index 2000 to 2199. Batch size: 200
2024-06-25 00:16:29.121  INFO 1876 --- [Traffic-predict] [ITS-1] c.e.Trafficpredict.service.ITSService    : Processed batch from index 2200 to 2399. Batch size: 200
2024-06-25 00:16:29.961  INFO 1876 --- [Traffic-predict] [ITS-1] c.e.Trafficpredict.service.ITSService    : Processed batch from index 2400 to 2599. Batch size: 200
2024-06-25 00:16:30.783  INFO 1876 --- [Traffic-predict] [ITS-1] c.e.Trafficpredict.service.ITSService    : Processed batch from index 2600 to 2799. Batch size: 200
2024-06-25 00:16:31.668  INFO 1876 --- [Traffic-predict] [ITS-1] c.e.Trafficpredict.service.ITSService    : Processed batch from index 2800 to 2999. Batch size: 200
2024-06-25 00:16:32.506  INFO 1876 --- [Traffic-predict] [ITS-1] c.e.Trafficpredict.service.ITSService    : Processed batch from index 3000 to 3199. Batch size: 200
2024-06-25 00:16:33.329  INFO 1876 --- [Traffic-predict] [ITS-1] c.e.Trafficpredict.service.ITSService    : Processed batch from index 3200 to 3399. Batch size: 200
2024-06-25 00:16:34.130  INFO 1876 --- [Traffic-predict] [ITS-1] c.e.Trafficpredict.service.ITSService    : Processed batch from index 3400 to 3599. Batch size: 200
2024-06-25 00:16:34.973  INFO 1876 --- [Traffic-predict] [ITS-1] c.e.Trafficpredict.service.ITSService    : Processed batch from index 3600 to 3799. Batch size: 200
2024-06-25 00:16:35.783  INFO 1876 --- [Traffic-predict] [ITS-1] c.e.Trafficpredict.service.ITSService    : Processed batch from index 3800 to 3999. Batch size: 200
2024-06-25 00:16:36.636  INFO 1876 --- [Traffic-predict] [ITS-1] c.e.Trafficpredict.service.ITSService    : Processed batch from index 4000 to 4199. Batch size: 200
2024-06-25 00:16:37.465  INFO 1876 --- [Traffic-predict] [ITS-1] c.e.Trafficpredict.service.ITSService    : Processed batch from index 4200 to 4399. Batch size: 200
2024-06-25 00:16:38.292  INFO 1876 --- [Traffic-predict] [ITS-1] c.e.Trafficpredict.service.ITSService    : Processed batch from index 4400 to 4599. Batch size: 200
2024-06-25 00:16:39.131  INFO 1876 --- [Traffic-predict] [ITS-1] c.e.Trafficpredict.service.ITSService    : Processed batch from index 4600 to 4799. Batch size: 200
2024-06-25 00:16:39.966  INFO 1876 --- [Traffic-predict] [ITS-1] c.e.Trafficpredict.service.ITSService    : Processed batch from index 4800 to 4999. Batch size: 200
2024-06-25 00:16:40.865  INFO 1876 --- [Traffic-predict] [ITS-1] c.e.Trafficpredict.service.ITSService    : Processed batch from index 5000 to 5199. Batch size: 200
2024-06-25 00:16:41.737  INFO 1876 --- [Traffic-predict] [ITS-1] c.e.Trafficpredict.service.ITSService    : Processed batch from index 5200 to 5399. Batch size: 200
2024-06-25 00:16:42.590  INFO 1876 --- [Traffic-predict] [ITS-1] c.e.Trafficpredict.service.ITSService    : Processed batch from index 5400 to 5599. Batch size: 200
2024-06-25 00:16:43.485  INFO 1876 --- [Traffic-predict] [ITS-1] c.e.Trafficpredict.service.ITSService    : Processed batch from index 5600 to 5799. Batch size: 200
2024-06-25 00:16:44.342  INFO 1876 --- [Traffic-predict] [ITS-1] c.e.Trafficpredict.service.ITSService    : Processed batch from index 5800 to 5999. Batch size: 200
2024-06-25 00:16:45.197  INFO 1876 --- [Traffic-predict] [ITS-1] c.e.Trafficpredict.service.ITSService    : Processed batch from index 6000 to 6199. Batch size: 200
2024-06-25 00:16:46.082  INFO 1876 --- [Traffic-predict] [ITS-1] c.e.Trafficpredict.service.ITSService    : Processed batch from index 6200 to 6399. Batch size: 200
2024-06-25 00:16:46.987  INFO 1876 --- [Traffic-predict] [ITS-1] c.e.Trafficpredict.service.ITSService    : Processed batch from index 6400 to 6599. Batch size: 200
2024-06-25 00:16:47.849  INFO 1876 --- [Traffic-predict] [ITS-1] c.e.Trafficpredict.service.ITSService    : Processed batch from index 6600 to 6799. Batch size: 200
2024-06-25 00:16:48.717  INFO 1876 --- [Traffic-predict] [ITS-1] c.e.Trafficpredict.service.ITSService    : Processed batch from index 6800 to 6999. Batch size: 200
2024-06-25 00:16:49.645  INFO 1876 --- [Traffic-predict] [ITS-1] c.e.Trafficpredict.service.ITSService    : Processed batch from index 7000 to 7199. Batch size: 200
2024-06-25 00:16:50.514  INFO 1876 --- [Traffic-predict] [ITS-1] c.e.Trafficpredict.service.ITSService    : Processed batch from index 7200 to 7399. Batch size: 200
2024-06-25 00:16:51.346  INFO 1876 --- [Traffic-predict] [ITS-1] c.e.Trafficpredict.service.ITSService    : Processed batch from index 7400 to 7599. Batch size: 200
2024-06-25 00:16:52.184  INFO 1876 --- [Traffic-predict] [ITS-1] c.e.Trafficpredict.service.ITSService    : Processed batch from index 7600 to 7799. Batch size: 200
2024-06-25 00:16:53.035  INFO 1876 --- [Traffic-predict] [ITS-1] c.e.Trafficpredict.service.ITSService    : Processed batch from index 7800 to 7999. Batch size: 200
2024-06-25 00:16:53.935  INFO 1876 --- [Traffic-predict] [ITS-1] c.e.Trafficpredict.service.ITSService    : Processed batch from index 8000 to 8199. Batch size: 200
2024-06-25 00:16:54.758  INFO 1876 --- [Traffic-predict] [ITS-1] c.e.Trafficpredict.service.ITSService    : Processed batch from index 8200 to 8399. Batch size: 200
2024-06-25 00:16:55.668  INFO 1876 --- [Traffic-predict] [ITS-1] c.e.Trafficpredict.service.ITSService    : Processed batch from index 8400 to 8599. Batch size: 200
2024-06-25 00:16:56.348  INFO 1876 --- [Traffic-predict] [ITS-1] c.e.Trafficpredict.service.ITSService    : Processed batch from index 8600 to 8754. Batch size: 155
2024-06-25 00:16:56.348  INFO 1876 --- [Traffic-predict] [ITS-1] c.e.Trafficpredict.service.ITSService    : Batch processing completed. Total items processed: 8755
2024-06-25 00:16:56.349  INFO 1876 --- [Traffic-predict] [ITS-1] c.e.Trafficpredict.service.ITSService    : Scheduled API call executed successfully.
2024-06-25 00:17:30.592  INFO 1876 --- [Traffic-predict] [ITS-1] c.e.Trafficpredict.service.ITSService    : Cache updated with the most recent traffic data.
2024-06-25 00:17:31.649  INFO 1876 --- [Traffic-predict] [ITS-1] c.e.Trafficpredict.service.ITSService    : Old data cleaned up successfully. Before: 190940, After: 190940
2024-06-25 00:18:25.200  INFO 1876 --- [Traffic-predict] [File Watcher] rtingClassPathChangeChangedEventListener : Restarting due to 1 class path change (0 additions, 0 deletions, 1 modification)
2024-06-25 00:18:25.411  INFO 1876 --- [Traffic-predict] [Thread-5] j.LocalContainerEntityManagerFactoryBean : Closing JPA EntityManagerFactory for persistence unit 'default'
2024-06-25 00:18:25.426  INFO 1876 --- [Traffic-predict] [Thread-5] com.zaxxer.hikari.HikariDataSource       : HikariPool-1 - Shutdown initiated...
2024-06-25 00:18:25.470  INFO 1876 --- [Traffic-predict] [Thread-5] com.zaxxer.hikari.HikariDataSource       : HikariPool-1 - Shutdown completed.
2024-06-25 00:18:25.843  INFO 1876 --- [Traffic-predict] [restartedMain] c.e.T.TrafficPredictApplication          : Starting TrafficPredictApplication using Java 17.0.10 with PID 1876 (C:\Users\geonwoo\Documents\spring\Traffic-predict\build\classes\java\main started by geonwoo in C:\Users\geonwoo\Documents\spring\Traffic-predict)
2024-06-25 00:18:25.844  INFO 1876 --- [Traffic-predict] [restartedMain] c.e.T.TrafficPredictApplication          : No active profile set, falling back to 1 default profile: "default"
2024-06-25 00:18:26.530  INFO 1876 --- [Traffic-predict] [restartedMain] .s.d.r.c.RepositoryConfigurationDelegate : Bootstrapping Spring Data JPA repositories in DEFAULT mode.
2024-06-25 00:18:26.552  INFO 1876 --- [Traffic-predict] [restartedMain] .s.d.r.c.RepositoryConfigurationDelegate : Finished Spring Data repository scanning in 20 ms. Found 1 JPA repository interface.
2024-06-25 00:18:27.437  INFO 1876 --- [Traffic-predict] [restartedMain] o.s.b.w.embedded.tomcat.TomcatWebServer  : Tomcat initialized with port 8080 (http)
2024-06-25 00:18:27.440  INFO 1876 --- [Traffic-predict] [restartedMain] o.apache.catalina.core.StandardService   : Starting service [Tomcat]
2024-06-25 00:18:27.440  INFO 1876 --- [Traffic-predict] [restartedMain] o.apache.catalina.core.StandardEngine    : Starting Servlet engine: [Apache Tomcat/10.1.20]
2024-06-25 00:18:27.544  INFO 1876 --- [Traffic-predict] [restartedMain] o.a.c.c.C.[Tomcat].[localhost].[/]       : Initializing Spring embedded WebApplicationContext
2024-06-25 00:18:27.546  INFO 1876 --- [Traffic-predict] [restartedMain] w.s.c.ServletWebServerApplicationContext : Root WebApplicationContext: initialization completed in 1689 ms
2024-06-25 00:18:27.864  INFO 1876 --- [Traffic-predict] [restartedMain] o.hibernate.jpa.internal.util.LogHelper  : HHH000204: Processing PersistenceUnitInfo [name: default]
2024-06-25 00:18:27.885  INFO 1876 --- [Traffic-predict] [restartedMain] o.h.c.internal.RegionFactoryInitiator    : HHH000026: Second-level cache disabled
2024-06-25 00:18:27.909  INFO 1876 --- [Traffic-predict] [restartedMain] o.s.o.j.p.SpringPersistenceUnitInfo      : No LoadTimeWeaver setup: ignoring JPA class transformer
2024-06-25 00:18:27.916  INFO 1876 --- [Traffic-predict] [restartedMain] com.zaxxer.hikari.HikariDataSource       : HikariPool-2 - Starting...
2024-06-25 00:18:28.144  INFO 1876 --- [Traffic-predict] [restartedMain] com.zaxxer.hikari.pool.HikariPool        : HikariPool-2 - Added connection com.mysql.cj.jdbc.ConnectionImpl@12d123b5
2024-06-25 00:18:28.144  INFO 1876 --- [Traffic-predict] [restartedMain] com.zaxxer.hikari.HikariDataSource       : HikariPool-2 - Start completed.
2024-06-25 00:18:28.153  WARN 1876 --- [Traffic-predict] [restartedMain] org.hibernate.orm.deprecation            : HHH90000025: MySQLDialect does not need to be specified explicitly using 'hibernate.dialect' (remove the property setting and it will be selected by default)
2024-06-25 00:18:28.355  INFO 1876 --- [Traffic-predict] [restartedMain] o.h.e.t.j.p.i.JtaPlatformInitiator       : HHH000489: No JTA platform available (set 'hibernate.transaction.jta.platform' to enable JTA platform integration)
2024-06-25 00:18:28.393  INFO 1876 --- [Traffic-predict] [restartedMain] j.LocalContainerEntityManagerFactoryBean : Initialized JPA EntityManagerFactory for persistence unit 'default'
2024-06-25 00:18:28.887  WARN 1876 --- [Traffic-predict] [restartedMain] JpaBaseConfiguration$JpaWebConfiguration : spring.jpa.open-in-view is enabled by default. Therefore, database queries may be performed during view rendering. Explicitly configure spring.jpa.open-in-view to disable this warning
2024-06-25 00:18:29.937  INFO 1876 --- [Traffic-predict] [restartedMain] o.s.b.d.a.OptionalLiveReloadServer       : LiveReload server is running on port 35729
2024-06-25 00:18:29.987  INFO 1876 --- [Traffic-predict] [restartedMain] o.s.b.w.embedded.tomcat.TomcatWebServer  : Tomcat started on port 8080 (http) with context path ''
2024-06-25 00:18:29.998  INFO 1876 --- [Traffic-predict] [restartedMain] c.e.T.TrafficPredictApplication          : Started TrafficPredictApplication in 4.311 seconds (process running for 1948.577)
2024-06-25 00:18:30.003  INFO 1876 --- [Traffic-predict] [restartedMain] .ConditionEvaluationDeltaLoggingListener : Condition evaluation unchanged
2024-06-25 00:18:30.013  INFO 1876 --- [Traffic-predict] [ITS-1] c.e.Trafficpredict.service.ITSService    : fetchAndStoreTrafficData started in thread: ITS-1
2024-06-25 00:18:33.863  INFO 1876 --- [Traffic-predict] [ITS-1] c.e.Trafficpredict.service.ITSService    : Batch processing started in thread: ITS-1. Total items to process: 8755
2024-06-25 00:18:34.737  INFO 1876 --- [Traffic-predict] [ITS-1] c.e.Trafficpredict.service.ITSService    : Processed batch from index 0 to 199. Batch size: 200
2024-06-25 00:18:35.606  INFO 1876 --- [Traffic-predict] [ITS-1] c.e.Trafficpredict.service.ITSService    : Processed batch from index 200 to 399. Batch size: 200
2024-06-25 00:18:36.468  INFO 1876 --- [Traffic-predict] [ITS-1] c.e.Trafficpredict.service.ITSService    : Processed batch from index 400 to 599. Batch size: 200
2024-06-25 00:18:37.313  INFO 1876 --- [Traffic-predict] [ITS-1] c.e.Trafficpredict.service.ITSService    : Processed batch from index 600 to 799. Batch size: 200
2024-06-25 00:18:38.203  INFO 1876 --- [Traffic-predict] [ITS-1] c.e.Trafficpredict.service.ITSService    : Processed batch from index 800 to 999. Batch size: 200
2024-06-25 00:18:39.089  INFO 1876 --- [Traffic-predict] [ITS-1] c.e.Trafficpredict.service.ITSService    : Processed batch from index 1000 to 1199. Batch size: 200
2024-06-25 00:18:39.948  INFO 1876 --- [Traffic-predict] [ITS-1] c.e.Trafficpredict.service.ITSService    : Processed batch from index 1200 to 1399. Batch size: 200
2024-06-25 00:18:40.808  INFO 1876 --- [Traffic-predict] [ITS-1] c.e.Trafficpredict.service.ITSService    : Processed batch from index 1400 to 1599. Batch size: 200
2024-06-25 00:18:41.815  INFO 1876 --- [Traffic-predict] [ITS-1] c.e.Trafficpredict.service.ITSService    : Processed batch from index 1600 to 1799. Batch size: 200
2024-06-25 00:18:42.712  INFO 1876 --- [Traffic-predict] [ITS-1] c.e.Trafficpredict.service.ITSService    : Processed batch from index 1800 to 1999. Batch size: 200
2024-06-25 00:18:43.600  INFO 1876 --- [Traffic-predict] [ITS-1] c.e.Trafficpredict.service.ITSService    : Processed batch from index 2000 to 2199. Batch size: 200
2024-06-25 00:18:44.446  INFO 1876 --- [Traffic-predict] [ITS-1] c.e.Trafficpredict.service.ITSService    : Processed batch from index 2200 to 2399. Batch size: 200
2024-06-25 00:18:45.318  INFO 1876 --- [Traffic-predict] [ITS-1] c.e.Trafficpredict.service.ITSService    : Processed batch from index 2400 to 2599. Batch size: 200
2024-06-25 00:18:46.218  INFO 1876 --- [Traffic-predict] [ITS-1] c.e.Trafficpredict.service.ITSService    : Processed batch from index 2600 to 2799. Batch size: 200
2024-06-25 00:18:47.120  INFO 1876 --- [Traffic-predict] [ITS-1] c.e.Trafficpredict.service.ITSService    : Processed batch from index 2800 to 2999. Batch size: 200
2024-06-25 00:18:48.211  INFO 1876 --- [Traffic-predict] [ITS-1] c.e.Trafficpredict.service.ITSService    : Processed batch from index 3000 to 3199. Batch size: 200
2024-06-25 00:18:49.186  INFO 1876 --- [Traffic-predict] [ITS-1] c.e.Trafficpredict.service.ITSService    : Processed batch from index 3200 to 3399. Batch size: 200
2024-06-25 00:18:50.100  INFO 1876 --- [Traffic-predict] [ITS-1] c.e.Trafficpredict.service.ITSService    : Processed batch from index 3400 to 3599. Batch size: 200
2024-06-25 00:18:51.004  INFO 1876 --- [Traffic-predict] [ITS-1] c.e.Trafficpredict.service.ITSService    : Processed batch from index 3600 to 3799. Batch size: 200
2024-06-25 00:18:51.904  INFO 1876 --- [Traffic-predict] [ITS-1] c.e.Trafficpredict.service.ITSService    : Processed batch from index 3800 to 3999. Batch size: 200
2024-06-25 00:18:52.781  INFO 1876 --- [Traffic-predict] [ITS-1] c.e.Trafficpredict.service.ITSService    : Processed batch from index 4000 to 4199. Batch size: 200
2024-06-25 00:18:53.664  INFO 1876 --- [Traffic-predict] [ITS-1] c.e.Trafficpredict.service.ITSService    : Processed batch from index 4200 to 4399. Batch size: 200
2024-06-25 00:18:54.522  INFO 1876 --- [Traffic-predict] [ITS-1] c.e.Trafficpredict.service.ITSService    : Processed batch from index 4400 to 4599. Batch size: 200
2024-06-25 00:18:55.400  INFO 1876 --- [Traffic-predict] [ITS-1] c.e.Trafficpredict.service.ITSService    : Processed batch from index 4600 to 4799. Batch size: 200
2024-06-25 00:18:56.267  INFO 1876 --- [Traffic-predict] [ITS-1] c.e.Trafficpredict.service.ITSService    : Processed batch from index 4800 to 4999. Batch size: 200
2024-06-25 00:18:57.149  INFO 1876 --- [Traffic-predict] [ITS-1] c.e.Trafficpredict.service.ITSService    : Processed batch from index 5000 to 5199. Batch size: 200
2024-06-25 00:18:58.034  INFO 1876 --- [Traffic-predict] [ITS-1] c.e.Trafficpredict.service.ITSService    : Processed batch from index 5200 to 5399. Batch size: 200
2024-06-25 00:18:58.956  INFO 1876 --- [Traffic-predict] [ITS-1] c.e.Trafficpredict.service.ITSService    : Processed batch from index 5400 to 5599. Batch size: 200
2024-06-25 00:18:59.954  INFO 1876 --- [Traffic-predict] [ITS-1] c.e.Trafficpredict.service.ITSService    : Processed batch from index 5600 to 5799. Batch size: 200
2024-06-25 00:19:00.952  INFO 1876 --- [Traffic-predict] [ITS-1] c.e.Trafficpredict.service.ITSService    : Processed batch from index 5800 to 5999. Batch size: 200
2024-06-25 00:19:02.181  INFO 1876 --- [Traffic-predict] [ITS-1] c.e.Trafficpredict.service.ITSService    : Processed batch from index 6000 to 6199. Batch size: 200
2024-06-25 00:19:03.116  INFO 1876 --- [Traffic-predict] [ITS-1] c.e.Trafficpredict.service.ITSService    : Processed batch from index 6200 to 6399. Batch size: 200
2024-06-25 00:19:04.042  INFO 1876 --- [Traffic-predict] [ITS-1] c.e.Trafficpredict.service.ITSService    : Processed batch from index 6400 to 6599. Batch size: 200
2024-06-25 00:19:04.920  INFO 1876 --- [Traffic-predict] [ITS-1] c.e.Trafficpredict.service.ITSService    : Processed batch from index 6600 to 6799. Batch size: 200
2024-06-25 00:19:05.803  INFO 1876 --- [Traffic-predict] [ITS-1] c.e.Trafficpredict.service.ITSService    : Processed batch from index 6800 to 6999. Batch size: 200
2024-06-25 00:19:06.724  INFO 1876 --- [Traffic-predict] [ITS-1] c.e.Trafficpredict.service.ITSService    : Processed batch from index 7000 to 7199. Batch size: 200
2024-06-25 00:19:07.620  INFO 1876 --- [Traffic-predict] [ITS-1] c.e.Trafficpredict.service.ITSService    : Processed batch from index 7200 to 7399. Batch size: 200
2024-06-25 00:19:08.537  INFO 1876 --- [Traffic-predict] [ITS-1] c.e.Trafficpredict.service.ITSService    : Processed batch from index 7400 to 7599. Batch size: 200
2024-06-25 00:19:09.263  WARN 16988 --- [Traffic-predict] [Test worker] ory$DuplicateJsonObjectContextCustomizer : 

Found multiple occurrences of org.json.JSONObject on the class path:

	jar:file:/C:/Users/geonwoo/.gradle/caches/modules-2/files-2.1/org.json/json/20210307/528c8df3757e8bcf151817b1d7b9b434f6aa08d5/json-20210307.jar!/org/json/JSONObject.class
	jar:file:/C:/Users/geonwoo/.gradle/caches/modules-2/files-2.1/com.vaadin.external.google/android-json/0.0.20131108.vaadin1/fa26d351fe62a6a17f5cda1287c1c6110dec413f/android-json-0.0.20131108.vaadin1.jar!/org/json/JSONObject.class

You may wish to exclude one of them to ensure predictable runtime behavior

2024-06-25 00:19:09.304  INFO 16988 --- [Traffic-predict] [Test worker] c.e.T.TrafficPredictApplicationTests     : Starting TrafficPredictApplicationTests using Java 17.0.10 with PID 16988 (started by geonwoo in C:\Users\geonwoo\Documents\spring\Traffic-predict)
2024-06-25 00:19:09.306  INFO 16988 --- [Traffic-predict] [Test worker] c.e.T.TrafficPredictApplicationTests     : No active profile set, falling back to 1 default profile: "default"
2024-06-25 00:19:09.435  INFO 1876 --- [Traffic-predict] [ITS-1] c.e.Trafficpredict.service.ITSService    : Processed batch from index 7600 to 7799. Batch size: 200
2024-06-25 00:19:10.340  INFO 1876 --- [Traffic-predict] [ITS-1] c.e.Trafficpredict.service.ITSService    : Processed batch from index 7800 to 7999. Batch size: 200
2024-06-25 00:19:11.128  INFO 16988 --- [Traffic-predict] [Test worker] .s.d.r.c.RepositoryConfigurationDelegate : Bootstrapping Spring Data JPA repositories in DEFAULT mode.
2024-06-25 00:19:11.218  INFO 16988 --- [Traffic-predict] [Test worker] .s.d.r.c.RepositoryConfigurationDelegate : Finished Spring Data repository scanning in 73 ms. Found 1 JPA repository interface.
2024-06-25 00:19:11.257  INFO 1876 --- [Traffic-predict] [ITS-1] c.e.Trafficpredict.service.ITSService    : Processed batch from index 8000 to 8199. Batch size: 200
2024-06-25 00:19:12.253  INFO 1876 --- [Traffic-predict] [ITS-1] c.e.Trafficpredict.service.ITSService    : Processed batch from index 8200 to 8399. Batch size: 200
2024-06-25 00:19:13.216  INFO 1876 --- [Traffic-predict] [ITS-1] c.e.Trafficpredict.service.ITSService    : Processed batch from index 8400 to 8599. Batch size: 200
2024-06-25 00:19:13.482  INFO 16988 --- [Traffic-predict] [Test worker] o.hibernate.jpa.internal.util.LogHelper  : HHH000204: Processing PersistenceUnitInfo [name: default]
2024-06-25 00:19:13.756  INFO 16988 --- [Traffic-predict] [Test worker] org.hibernate.Version                    : HHH000412: Hibernate ORM core version 6.4.4.Final
2024-06-25 00:19:13.900  INFO 16988 --- [Traffic-predict] [Test worker] o.h.c.internal.RegionFactoryInitiator    : HHH000026: Second-level cache disabled
2024-06-25 00:19:13.966  INFO 1876 --- [Traffic-predict] [ITS-1] c.e.Trafficpredict.service.ITSService    : Processed batch from index 8600 to 8754. Batch size: 155
2024-06-25 00:19:13.966  INFO 1876 --- [Traffic-predict] [ITS-1] c.e.Trafficpredict.service.ITSService    : Batch processing completed. Total items processed: 8755
2024-06-25 00:19:13.966  INFO 1876 --- [Traffic-predict] [ITS-1] c.e.Trafficpredict.service.ITSService    : Scheduled API call executed successfully.
2024-06-25 00:19:14.886  INFO 16988 --- [Traffic-predict] [Test worker] o.s.o.j.p.SpringPersistenceUnitInfo      : No LoadTimeWeaver setup: ignoring JPA class transformer
2024-06-25 00:19:14.978  INFO 16988 --- [Traffic-predict] [Test worker] com.zaxxer.hikari.HikariDataSource       : HikariPool-1 - Starting...
2024-06-25 00:19:16.006  INFO 16988 --- [Traffic-predict] [Test worker] com.zaxxer.hikari.pool.HikariPool        : HikariPool-1 - Added connection com.mysql.cj.jdbc.ConnectionImpl@768f4b42
2024-06-25 00:19:16.013  INFO 16988 --- [Traffic-predict] [Test worker] com.zaxxer.hikari.HikariDataSource       : HikariPool-1 - Start completed.
2024-06-25 00:19:16.194  WARN 16988 --- [Traffic-predict] [Test worker] org.hibernate.orm.deprecation            : HHH90000025: MySQLDialect does not need to be specified explicitly using 'hibernate.dialect' (remove the property setting and it will be selected by default)
2024-06-25 00:19:20.014  INFO 16988 --- [Traffic-predict] [Test worker] o.h.e.t.j.p.i.JtaPlatformInitiator       : HHH000489: No JTA platform available (set 'hibernate.transaction.jta.platform' to enable JTA platform integration)
2024-06-25 00:19:20.220  INFO 16988 --- [Traffic-predict] [Test worker] j.LocalContainerEntityManagerFactoryBean : Initialized JPA EntityManagerFactory for persistence unit 'default'
2024-06-25 00:19:24.108  INFO 16988 --- [Traffic-predict] [Test worker] o.s.d.j.r.query.QueryEnhancerFactory     : Hibernate is in classpath; If applicable, HQL parser will be used.
2024-06-25 00:19:28.272  WARN 16988 --- [Traffic-predict] [Test worker] JpaBaseConfiguration$JpaWebConfiguration : spring.jpa.open-in-view is enabled by default. Therefore, database queries may be performed during view rendering. Explicitly configure spring.jpa.open-in-view to disable this warning
2024-06-25 00:19:31.642  INFO 16988 --- [Traffic-predict] [Test worker] c.e.T.TrafficPredictApplicationTests     : Started TrafficPredictApplicationTests in 23.019 seconds (process running for 26.609)
2024-06-25 00:19:31.754  INFO 16988 --- [Traffic-predict] [ITS-1] c.e.Trafficpredict.service.ITSService    : fetchAndStoreTrafficData started in thread: ITS-1
2024-06-25 00:19:42.111  INFO 16988 --- [Traffic-predict] [ITS-1] c.e.Trafficpredict.service.ITSService    : Batch processing started in thread: ITS-1. Total items to process: 8755
2024-06-25 00:19:43.619  INFO 16988 --- [Traffic-predict] [ITS-1] c.e.Trafficpredict.service.ITSService    : Processed batch from index 0 to 199. Batch size: 200
2024-06-25 00:19:44.752  INFO 16988 --- [Traffic-predict] [ITS-1] c.e.Trafficpredict.service.ITSService    : Processed batch from index 200 to 399. Batch size: 200
2024-06-25 00:19:45.825  INFO 16988 --- [Traffic-predict] [ITS-1] c.e.Trafficpredict.service.ITSService    : Processed batch from index 400 to 599. Batch size: 200
2024-06-25 00:19:46.870  INFO 16988 --- [Traffic-predict] [ITS-1] c.e.Trafficpredict.service.ITSService    : Processed batch from index 600 to 799. Batch size: 200
2024-06-25 00:19:47.895  INFO 16988 --- [Traffic-predict] [ITS-1] c.e.Trafficpredict.service.ITSService    : Processed batch from index 800 to 999. Batch size: 200
2024-06-25 00:19:48.914  INFO 16988 --- [Traffic-predict] [ITS-1] c.e.Trafficpredict.service.ITSService    : Processed batch from index 1000 to 1199. Batch size: 200
2024-06-25 00:19:49.894  INFO 16988 --- [Traffic-predict] [ITS-1] c.e.Trafficpredict.service.ITSService    : Processed batch from index 1200 to 1399. Batch size: 200
2024-06-25 00:19:50.848  INFO 16988 --- [Traffic-predict] [ITS-1] c.e.Trafficpredict.service.ITSService    : Processed batch from index 1400 to 1599. Batch size: 200
2024-06-25 00:19:51.847  INFO 16988 --- [Traffic-predict] [ITS-1] c.e.Trafficpredict.service.ITSService    : Processed batch from index 1600 to 1799. Batch size: 200
2024-06-25 00:19:53.139  INFO 16988 --- [Traffic-predict] [ITS-1] c.e.Trafficpredict.service.ITSService    : Processed batch from index 1800 to 1999. Batch size: 200
2024-06-25 00:19:54.176  INFO 16988 --- [Traffic-predict] [ITS-1] c.e.Trafficpredict.service.ITSService    : Processed batch from index 2000 to 2199. Batch size: 200
2024-06-25 00:19:55.132  INFO 16988 --- [Traffic-predict] [ITS-1] c.e.Trafficpredict.service.ITSService    : Processed batch from index 2200 to 2399. Batch size: 200
2024-06-25 00:19:56.073  INFO 16988 --- [Traffic-predict] [ITS-1] c.e.Trafficpredict.service.ITSService    : Processed batch from index 2400 to 2599. Batch size: 200
2024-06-25 00:19:57.183  INFO 16988 --- [Traffic-predict] [ITS-1] c.e.Trafficpredict.service.ITSService    : Processed batch from index 2600 to 2799. Batch size: 200
2024-06-25 00:19:58.117  INFO 16988 --- [Traffic-predict] [ITS-1] c.e.Trafficpredict.service.ITSService    : Processed batch from index 2800 to 2999. Batch size: 200
2024-06-25 00:19:59.040  INFO 16988 --- [Traffic-predict] [ITS-1] c.e.Trafficpredict.service.ITSService    : Processed batch from index 3000 to 3199. Batch size: 200
2024-06-25 00:19:59.950  INFO 16988 --- [Traffic-predict] [ITS-1] c.e.Trafficpredict.service.ITSService    : Processed batch from index 3200 to 3399. Batch size: 200
2024-06-25 00:20:00.889  INFO 16988 --- [Traffic-predict] [ITS-1] c.e.Trafficpredict.service.ITSService    : Processed batch from index 3400 to 3599. Batch size: 200
2024-06-25 00:20:02.421  INFO 16988 --- [Traffic-predict] [ITS-1] c.e.Trafficpredict.service.ITSService    : Processed batch from index 3600 to 3799. Batch size: 200
2024-06-25 00:20:03.376  INFO 16988 --- [Traffic-predict] [ITS-1] c.e.Trafficpredict.service.ITSService    : Processed batch from index 3800 to 3999. Batch size: 200
2024-06-25 00:20:04.298  INFO 16988 --- [Traffic-predict] [ITS-1] c.e.Trafficpredict.service.ITSService    : Processed batch from index 4000 to 4199. Batch size: 200
2024-06-25 00:20:05.167  INFO 16988 --- [Traffic-predict] [ITS-1] c.e.Trafficpredict.service.ITSService    : Processed batch from index 4200 to 4399. Batch size: 200
2024-06-25 00:20:05.989  INFO 16988 --- [Traffic-predict] [SpringApplicationShutdownHook] o.s.c.support.DefaultLifecycleProcessor  : Shutdown phase 2147483647 ends with 1 bean still running after timeout of 30000ms: [taskExecutor]
2024-06-25 00:20:05.994  INFO 16988 --- [Traffic-predict] [SpringApplicationShutdownHook] j.LocalContainerEntityManagerFactoryBean : Closing JPA EntityManagerFactory for persistence unit 'default'
2024-06-25 00:20:05.999  INFO 16988 --- [Traffic-predict] [SpringApplicationShutdownHook] com.zaxxer.hikari.HikariDataSource       : HikariPool-1 - Shutdown initiated...
2024-06-25 00:20:06.045  WARN 16988 --- [Traffic-predict] [ITS-1] com.zaxxer.hikari.pool.ProxyConnection   : HikariPool-1 - Connection com.mysql.cj.jdbc.ConnectionImpl@768f4b42 marked as broken because of SQLSTATE(08S01), ErrorCode(0)

com.mysql.cj.jdbc.exceptions.CommunicationsException: Communications link failure

The last packet successfully received from the server was 9 milliseconds ago. The last packet sent successfully to the server was 13 milliseconds ago.
	at com.mysql.cj.jdbc.exceptions.SQLError.createCommunicationsException(SQLError.java:174) ~[mysql-connector-java-8.0.26.jar:8.0.26]
	at com.mysql.cj.jdbc.exceptions.SQLExceptionsMapping.translateException(SQLExceptionsMapping.java:64) ~[mysql-connector-java-8.0.26.jar:8.0.26]
	at com.mysql.cj.jdbc.ClientPreparedStatement.executeInternal(ClientPreparedStatement.java:953) ~[mysql-connector-java-8.0.26.jar:8.0.26]
	at com.mysql.cj.jdbc.ClientPreparedStatement.executeUpdateInternal(ClientPreparedStatement.java:1092) ~[mysql-connector-java-8.0.26.jar:8.0.26]
	at com.mysql.cj.jdbc.ClientPreparedStatement.executeUpdateInternal(ClientPreparedStatement.java:1040) ~[mysql-connector-java-8.0.26.jar:8.0.26]
	at com.mysql.cj.jdbc.ClientPreparedStatement.executeLargeUpdate(ClientPreparedStatement.java:1350) ~[mysql-connector-java-8.0.26.jar:8.0.26]
	at com.mysql.cj.jdbc.ClientPreparedStatement.executeUpdate(ClientPreparedStatement.java:1025) ~[mysql-connector-java-8.0.26.jar:8.0.26]
	at com.zaxxer.hikari.pool.ProxyPreparedStatement.executeUpdate(ProxyPreparedStatement.java:61) ~[HikariCP-5.0.1.jar:na]
	at com.zaxxer.hikari.pool.HikariProxyPreparedStatement.executeUpdate(HikariProxyPreparedStatement.java) ~[HikariCP-5.0.1.jar:na]
	at org.hibernate.engine.jdbc.internal.ResultSetReturnImpl.executeUpdate(ResultSetReturnImpl.java:194) ~[hibernate-core-6.4.4.Final.jar:6.4.4.Final]
	at org.hibernate.engine.jdbc.mutation.internal.AbstractMutationExecutor.performNonBatchedMutation(AbstractMutationExecutor.java:108) ~[hibernate-core-6.4.4.Final.jar:6.4.4.Final]
	at org.hibernate.engine.jdbc.mutation.internal.MutationExecutorSingleNonBatched.performNonBatchedOperations(MutationExecutorSingleNonBatched.java:40) ~[hibernate-core-6.4.4.Final.jar:6.4.4.Final]
	at org.hibernate.engine.jdbc.mutation.internal.AbstractMutationExecutor.execute(AbstractMutationExecutor.java:52) ~[hibernate-core-6.4.4.Final.jar:6.4.4.Final]
	at org.hibernate.persister.entity.mutation.InsertCoordinator.doStaticInserts(InsertCoordinator.java:175) ~[hibernate-core-6.4.4.Final.jar:6.4.4.Final]
	at org.hibernate.persister.entity.mutation.InsertCoordinator.coordinateInsert(InsertCoordinator.java:113) ~[hibernate-core-6.4.4.Final.jar:6.4.4.Final]
	at org.hibernate.persister.entity.AbstractEntityPersister.insert(AbstractEntityPersister.java:2873) ~[hibernate-core-6.4.4.Final.jar:6.4.4.Final]
	at org.hibernate.action.internal.EntityInsertAction.execute(EntityInsertAction.java:104) ~[hibernate-core-6.4.4.Final.jar:6.4.4.Final]
	at org.hibernate.engine.spi.ActionQueue.executeActions(ActionQueue.java:632) ~[hibernate-core-6.4.4.Final.jar:6.4.4.Final]
	at org.hibernate.engine.spi.ActionQueue.executeActions(ActionQueue.java:499) ~[hibernate-core-6.4.4.Final.jar:6.4.4.Final]
	at org.hibernate.event.internal.AbstractFlushingEventListener.performExecutions(AbstractFlushingEventListener.java:363) ~[hibernate-core-6.4.4.Final.jar:6.4.4.Final]
	at org.hibernate.event.internal.DefaultFlushEventListener.onFlush(DefaultFlushEventListener.java:41) ~[hibernate-core-6.4.4.Final.jar:6.4.4.Final]
	at org.hibernate.event.service.internal.EventListenerGroupImpl.fireEventOnEachListener(EventListenerGroupImpl.java:127) ~[hibernate-core-6.4.4.Final.jar:6.4.4.Final]
	at org.hibernate.internal.SessionImpl.doFlush(SessionImpl.java:1403) ~[hibernate-core-6.4.4.Final.jar:6.4.4.Final]
	at org.hibernate.internal.SessionImpl.flush(SessionImpl.java:1389) ~[hibernate-core-6.4.4.Final.jar:6.4.4.Final]
	at jdk.internal.reflect.GeneratedMethodAccessor24.invoke(Unknown Source) ~[na:na]
	at java.base/jdk.internal.reflect.DelegatingMethodAccessorImpl.invoke(DelegatingMethodAccessorImpl.java:43) ~[na:na]
	at java.base/java.lang.reflect.Method.invoke(Method.java:568) ~[na:na]
	at org.springframework.orm.jpa.SharedEntityManagerCreator$SharedEntityManagerInvocationHandler.invoke(SharedEntityManagerCreator.java:319) ~[spring-orm-6.1.6.jar:6.1.6]
	at jdk.proxy3/jdk.proxy3.$Proxy119.flush(Unknown Source) ~[na:na]
	at com.example.Trafficpredict.service.ITSService.storeData(ITSService.java:217) ~[main/:na]
	at com.example.Trafficpredict.service.ITSService.callApi(ITSService.java:178) ~[main/:na]
	at com.example.Trafficpredict.service.ITSService.fetchAndStoreTrafficData(ITSService.java:93) ~[main/:na]
	at java.base/jdk.internal.reflect.NativeMethodAccessorImpl.invoke0(Native Method) ~[na:na]
	at java.base/jdk.internal.reflect.NativeMethodAccessorImpl.invoke(NativeMethodAccessorImpl.java:77) ~[na:na]
	at java.base/jdk.internal.reflect.DelegatingMethodAccessorImpl.invoke(DelegatingMethodAccessorImpl.java:43) ~[na:na]
	at java.base/java.lang.reflect.Method.invoke(Method.java:568) ~[na:na]
	at org.springframework.aop.support.AopUtils.invokeJoinpointUsingReflection(AopUtils.java:354) ~[spring-aop-6.1.6.jar:6.1.6]
	at org.springframework.aop.framework.ReflectiveMethodInvocation.invokeJoinpoint(ReflectiveMethodInvocation.java:196) ~[spring-aop-6.1.6.jar:6.1.6]
	at org.springframework.aop.framework.ReflectiveMethodInvocation.proceed(ReflectiveMethodInvocation.java:163) ~[spring-aop-6.1.6.jar:6.1.6]
	at org.springframework.aop.framework.CglibAopProxy$CglibMethodInvocation.proceed(CglibAopProxy.java:768) ~[spring-aop-6.1.6.jar:6.1.6]
	at org.springframework.transaction.interceptor.TransactionInterceptor$1.proceedWithInvocation(TransactionInterceptor.java:123) ~[spring-tx-6.1.6.jar:6.1.6]
	at org.springframework.transaction.interceptor.TransactionAspectSupport.invokeWithinTransaction(TransactionAspectSupport.java:392) ~[spring-tx-6.1.6.jar:6.1.6]
	at org.springframework.transaction.interceptor.TransactionInterceptor.invoke(TransactionInterceptor.java:119) ~[spring-tx-6.1.6.jar:6.1.6]
	at org.springframework.aop.framework.ReflectiveMethodInvocation.proceed(ReflectiveMethodInvocation.java:184) ~[spring-aop-6.1.6.jar:6.1.6]
	at org.springframework.aop.framework.CglibAopProxy$CglibMethodInvocation.proceed(CglibAopProxy.java:768) ~[spring-aop-6.1.6.jar:6.1.6]
	at org.springframework.aop.interceptor.AsyncExecutionInterceptor.lambda$invoke$0(AsyncExecutionInterceptor.java:113) ~[spring-aop-6.1.6.jar:6.1.6]
	at java.base/java.util.concurrent.FutureTask.run(FutureTask.java:264) ~[na:na]
	at java.base/java.util.concurrent.ThreadPoolExecutor.runWorker(ThreadPoolExecutor.java:1136) ~[na:na]
	at java.base/java.util.concurrent.ThreadPoolExecutor$Worker.run(ThreadPoolExecutor.java:635) ~[na:na]
	at java.base/java.lang.Thread.run(Thread.java:842) ~[na:na]
Caused by: com.mysql.cj.exceptions.CJCommunicationsException: Communications link failure

The last packet successfully received from the server was 9 milliseconds ago. The last packet sent successfully to the server was 13 milliseconds ago.
	at java.base/jdk.internal.reflect.NativeConstructorAccessorImpl.newInstance0(Native Method) ~[na:na]
	at java.base/jdk.internal.reflect.NativeConstructorAccessorImpl.newInstance(NativeConstructorAccessorImpl.java:77) ~[na:na]
	at java.base/jdk.internal.reflect.DelegatingConstructorAccessorImpl.newInstance(DelegatingConstructorAccessorImpl.java:45) ~[na:na]
	at java.base/java.lang.reflect.Constructor.newInstanceWithCaller(Constructor.java:499) ~[na:na]
	at java.base/java.lang.reflect.Constructor.newInstance(Constructor.java:480) ~[na:na]
	at com.mysql.cj.exceptions.ExceptionFactory.createException(ExceptionFactory.java:61) ~[mysql-connector-java-8.0.26.jar:8.0.26]
	at com.mysql.cj.exceptions.ExceptionFactory.createException(ExceptionFactory.java:105) ~[mysql-connector-java-8.0.26.jar:8.0.26]
	at com.mysql.cj.exceptions.ExceptionFactory.createException(ExceptionFactory.java:151) ~[mysql-connector-java-8.0.26.jar:8.0.26]
	at com.mysql.cj.exceptions.ExceptionFactory.createCommunicationsException(ExceptionFactory.java:167) ~[mysql-connector-java-8.0.26.jar:8.0.26]
	at com.mysql.cj.protocol.a.NativeProtocol.readMessage(NativeProtocol.java:519) ~[mysql-connector-java-8.0.26.jar:8.0.26]
	at com.mysql.cj.protocol.a.NativeProtocol.checkErrorMessage(NativeProtocol.java:683) ~[mysql-connector-java-8.0.26.jar:8.0.26]
	at com.mysql.cj.protocol.a.NativeProtocol.sendCommand(NativeProtocol.java:622) ~[mysql-connector-java-8.0.26.jar:8.0.26]
	at com.mysql.cj.protocol.a.NativeProtocol.sendQueryPacket(NativeProtocol.java:970) ~[mysql-connector-java-8.0.26.jar:8.0.26]
	at com.mysql.cj.NativeSession.execSQL(NativeSession.java:662) ~[mysql-connector-java-8.0.26.jar:8.0.26]
	at com.mysql.cj.jdbc.ClientPreparedStatement.executeInternal(ClientPreparedStatement.java:930) ~[mysql-connector-java-8.0.26.jar:8.0.26]
	... 47 common frames omitted
Caused by: java.io.EOFException: Can not read response from server. Expected to read 4 bytes, read 0 bytes before connection was unexpectedly lost.
	at com.mysql.cj.protocol.FullReadInputStream.readFully(FullReadInputStream.java:67) ~[mysql-connector-java-8.0.26.jar:8.0.26]
	at com.mysql.cj.protocol.a.SimplePacketReader.readHeader(SimplePacketReader.java:63) ~[mysql-connector-java-8.0.26.jar:8.0.26]
	at com.mysql.cj.protocol.a.SimplePacketReader.readHeader(SimplePacketReader.java:45) ~[mysql-connector-java-8.0.26.jar:8.0.26]
	at com.mysql.cj.protocol.a.TimeTrackingPacketReader.readHeader(TimeTrackingPacketReader.java:52) ~[mysql-connector-java-8.0.26.jar:8.0.26]
	at com.mysql.cj.protocol.a.TimeTrackingPacketReader.readHeader(TimeTrackingPacketReader.java:41) ~[mysql-connector-java-8.0.26.jar:8.0.26]
	at com.mysql.cj.protocol.a.MultiPacketReader.readHeader(MultiPacketReader.java:54) ~[mysql-connector-java-8.0.26.jar:8.0.26]
	at com.mysql.cj.protocol.a.MultiPacketReader.readHeader(MultiPacketReader.java:44) ~[mysql-connector-java-8.0.26.jar:8.0.26]
	at com.mysql.cj.protocol.a.NativeProtocol.readMessage(NativeProtocol.java:513) ~[mysql-connector-java-8.0.26.jar:8.0.26]
	... 52 common frames omitted

2024-06-25 00:20:06.064  WARN 16988 --- [Traffic-predict] [ITS-1] o.h.engine.jdbc.spi.SqlExceptionHelper   : SQL Error: 0, SQLState: 08S01
2024-06-25 00:20:06.065 ERROR 16988 --- [Traffic-predict] [ITS-1] o.h.engine.jdbc.spi.SqlExceptionHelper   : Communications link failure

The last packet successfully received from the server was 9 milliseconds ago. The last packet sent successfully to the server was 13 milliseconds ago.
2024-06-25 00:20:06.068  INFO 16988 --- [Traffic-predict] [SpringApplicationShutdownHook] com.zaxxer.hikari.HikariDataSource       : HikariPool-1 - Shutdown completed.
2024-06-25 00:20:11.255  INFO 1876 --- [Traffic-predict] [ITS-1] c.e.Trafficpredict.service.ITSService    : Cache updated with the most recent traffic data.
2024-06-25 00:20:12.775  INFO 1876 --- [Traffic-predict] [ITS-1] c.e.Trafficpredict.service.ITSService    : Old data cleaned up successfully. Before: 199695, After: 199695
2024-06-25 00:23:30.016  INFO 1876 --- [Traffic-predict] [ITS-2] c.e.Trafficpredict.service.ITSService    : fetchAndStoreTrafficData started in thread: ITS-2
2024-06-25 00:23:34.294  INFO 1876 --- [Traffic-predict] [ITS-2] c.e.Trafficpredict.service.ITSService    : Batch processing started in thread: ITS-2. Total items to process: 8755
2024-06-25 00:23:35.215  INFO 1876 --- [Traffic-predict] [ITS-2] c.e.Trafficpredict.service.ITSService    : Processed batch from index 0 to 199. Batch size: 200
2024-06-25 00:23:36.089  INFO 1876 --- [Traffic-predict] [ITS-2] c.e.Trafficpredict.service.ITSService    : Processed batch from index 200 to 399. Batch size: 200
2024-06-25 00:23:37.015  INFO 1876 --- [Traffic-predict] [ITS-2] c.e.Trafficpredict.service.ITSService    : Processed batch from index 400 to 599. Batch size: 200
2024-06-25 00:23:37.920  INFO 1876 --- [Traffic-predict] [ITS-2] c.e.Trafficpredict.service.ITSService    : Processed batch from index 600 to 799. Batch size: 200
2024-06-25 00:23:38.833  INFO 1876 --- [Traffic-predict] [ITS-2] c.e.Trafficpredict.service.ITSService    : Processed batch from index 800 to 999. Batch size: 200
2024-06-25 00:23:39.725  INFO 1876 --- [Traffic-predict] [ITS-2] c.e.Trafficpredict.service.ITSService    : Processed batch from index 1000 to 1199. Batch size: 200
2024-06-25 00:23:40.653  INFO 1876 --- [Traffic-predict] [ITS-2] c.e.Trafficpredict.service.ITSService    : Processed batch from index 1200 to 1399. Batch size: 200
2024-06-25 00:23:41.628  INFO 1876 --- [Traffic-predict] [ITS-2] c.e.Trafficpredict.service.ITSService    : Processed batch from index 1400 to 1599. Batch size: 200
2024-06-25 00:23:42.562  INFO 1876 --- [Traffic-predict] [ITS-2] c.e.Trafficpredict.service.ITSService    : Processed batch from index 1600 to 1799. Batch size: 200
2024-06-25 00:23:43.511  INFO 1876 --- [Traffic-predict] [ITS-2] c.e.Trafficpredict.service.ITSService    : Processed batch from index 1800 to 1999. Batch size: 200
2024-06-25 00:23:44.408  INFO 1876 --- [Traffic-predict] [ITS-2] c.e.Trafficpredict.service.ITSService    : Processed batch from index 2000 to 2199. Batch size: 200
2024-06-25 00:23:45.284  INFO 1876 --- [Traffic-predict] [ITS-2] c.e.Trafficpredict.service.ITSService    : Processed batch from index 2200 to 2399. Batch size: 200
2024-06-25 00:23:46.136  INFO 1876 --- [Traffic-predict] [ITS-2] c.e.Trafficpredict.service.ITSService    : Processed batch from index 2400 to 2599. Batch size: 200
2024-06-25 00:23:47.013  INFO 1876 --- [Traffic-predict] [ITS-2] c.e.Trafficpredict.service.ITSService    : Processed batch from index 2600 to 2799. Batch size: 200
2024-06-25 00:23:47.941  INFO 1876 --- [Traffic-predict] [ITS-2] c.e.Trafficpredict.service.ITSService    : Processed batch from index 2800 to 2999. Batch size: 200
2024-06-25 00:23:48.912  INFO 1876 --- [Traffic-predict] [ITS-2] c.e.Trafficpredict.service.ITSService    : Processed batch from index 3000 to 3199. Batch size: 200
2024-06-25 00:23:49.840  INFO 1876 --- [Traffic-predict] [ITS-2] c.e.Trafficpredict.service.ITSService    : Processed batch from index 3200 to 3399. Batch size: 200
2024-06-25 00:23:50.765  INFO 1876 --- [Traffic-predict] [ITS-2] c.e.Trafficpredict.service.ITSService    : Processed batch from index 3400 to 3599. Batch size: 200
2024-06-25 00:23:51.708  INFO 1876 --- [Traffic-predict] [ITS-2] c.e.Trafficpredict.service.ITSService    : Processed batch from index 3600 to 3799. Batch size: 200
2024-06-25 00:23:52.593  INFO 1876 --- [Traffic-predict] [ITS-2] c.e.Trafficpredict.service.ITSService    : Processed batch from index 3800 to 3999. Batch size: 200
2024-06-25 00:23:53.514  INFO 1876 --- [Traffic-predict] [ITS-2] c.e.Trafficpredict.service.ITSService    : Processed batch from index 4000 to 4199. Batch size: 200
2024-06-25 00:23:54.389  INFO 1876 --- [Traffic-predict] [ITS-2] c.e.Trafficpredict.service.ITSService    : Processed batch from index 4200 to 4399. Batch size: 200
2024-06-25 00:23:55.311  INFO 1876 --- [Traffic-predict] [ITS-2] c.e.Trafficpredict.service.ITSService    : Processed batch from index 4400 to 4599. Batch size: 200
2024-06-25 00:23:56.275  INFO 1876 --- [Traffic-predict] [ITS-2] c.e.Trafficpredict.service.ITSService    : Processed batch from index 4600 to 4799. Batch size: 200
2024-06-25 00:23:57.212  INFO 1876 --- [Traffic-predict] [ITS-2] c.e.Trafficpredict.service.ITSService    : Processed batch from index 4800 to 4999. Batch size: 200
2024-06-25 00:23:58.111  INFO 1876 --- [Traffic-predict] [ITS-2] c.e.Trafficpredict.service.ITSService    : Processed batch from index 5000 to 5199. Batch size: 200
2024-06-25 00:23:59.024  INFO 1876 --- [Traffic-predict] [ITS-2] c.e.Trafficpredict.service.ITSService    : Processed batch from index 5200 to 5399. Batch size: 200
2024-06-25 00:23:59.910  INFO 1876 --- [Traffic-predict] [ITS-2] c.e.Trafficpredict.service.ITSService    : Processed batch from index 5400 to 5599. Batch size: 200
2024-06-25 00:24:00.810  INFO 1876 --- [Traffic-predict] [ITS-2] c.e.Trafficpredict.service.ITSService    : Processed batch from index 5600 to 5799. Batch size: 200
2024-06-25 00:24:02.025  INFO 1876 --- [Traffic-predict] [ITS-2] c.e.Trafficpredict.service.ITSService    : Processed batch from index 5800 to 5999. Batch size: 200
2024-06-25 00:24:02.982  INFO 1876 --- [Traffic-predict] [ITS-2] c.e.Trafficpredict.service.ITSService    : Processed batch from index 6000 to 6199. Batch size: 200
2024-06-25 00:24:03.910  INFO 1876 --- [Traffic-predict] [ITS-2] c.e.Trafficpredict.service.ITSService    : Processed batch from index 6200 to 6399. Batch size: 200
2024-06-25 00:24:04.803  INFO 1876 --- [Traffic-predict] [ITS-2] c.e.Trafficpredict.service.ITSService    : Processed batch from index 6400 to 6599. Batch size: 200
2024-06-25 00:24:05.688  INFO 1876 --- [Traffic-predict] [ITS-2] c.e.Trafficpredict.service.ITSService    : Processed batch from index 6600 to 6799. Batch size: 200
2024-06-25 00:24:06.571  INFO 1876 --- [Traffic-predict] [ITS-2] c.e.Trafficpredict.service.ITSService    : Processed batch from index 6800 to 6999. Batch size: 200
2024-06-25 00:24:07.463  INFO 1876 --- [Traffic-predict] [ITS-2] c.e.Trafficpredict.service.ITSService    : Processed batch from index 7000 to 7199. Batch size: 200
2024-06-25 00:24:08.348  INFO 1876 --- [Traffic-predict] [ITS-2] c.e.Trafficpredict.service.ITSService    : Processed batch from index 7200 to 7399. Batch size: 200
2024-06-25 00:24:09.368  INFO 1876 --- [Traffic-predict] [ITS-2] c.e.Trafficpredict.service.ITSService    : Processed batch from index 7400 to 7599. Batch size: 200
2024-06-25 00:24:10.398  INFO 1876 --- [Traffic-predict] [ITS-2] c.e.Trafficpredict.service.ITSService    : Processed batch from index 7600 to 7799. Batch size: 200
2024-06-25 00:24:11.387  INFO 1876 --- [Traffic-predict] [ITS-2] c.e.Trafficpredict.service.ITSService    : Processed batch from index 7800 to 7999. Batch size: 200
2024-06-25 00:24:12.335  INFO 1876 --- [Traffic-predict] [ITS-2] c.e.Trafficpredict.service.ITSService    : Processed batch from index 8000 to 8199. Batch size: 200
2024-06-25 00:24:13.218  INFO 1876 --- [Traffic-predict] [ITS-2] c.e.Trafficpredict.service.ITSService    : Processed batch from index 8200 to 8399. Batch size: 200
2024-06-25 00:24:14.121  INFO 1876 --- [Traffic-predict] [ITS-2] c.e.Trafficpredict.service.ITSService    : Processed batch from index 8400 to 8599. Batch size: 200
2024-06-25 00:24:14.788  INFO 1876 --- [Traffic-predict] [ITS-2] c.e.Trafficpredict.service.ITSService    : Processed batch from index 8600 to 8754. Batch size: 155
2024-06-25 00:24:14.788  INFO 1876 --- [Traffic-predict] [ITS-2] c.e.Trafficpredict.service.ITSService    : Batch processing completed. Total items processed: 8755
2024-06-25 00:24:14.788  INFO 1876 --- [Traffic-predict] [ITS-2] c.e.Trafficpredict.service.ITSService    : Scheduled API call executed successfully.
2024-06-25 00:24:49.505  INFO 1876 --- [Traffic-predict] [ITS-2] c.e.Trafficpredict.service.ITSService    : Cache updated with the most recent traffic data.
2024-06-25 00:24:50.708  WARN 1876 --- [Traffic-predict] [ITS-2] o.h.engine.jdbc.spi.SqlExceptionHelper   : SQL Error: 1213, SQLState: 40001
2024-06-25 00:24:50.708 ERROR 1876 --- [Traffic-predict] [ITS-2] o.h.engine.jdbc.spi.SqlExceptionHelper   : Deadlock found when trying to get lock; try restarting transaction
2024-06-25 00:24:50.738 ERROR 1876 --- [Traffic-predict] [ITS-2] c.e.Trafficpredict.service.ITSService    : Error during scheduled API call: 

org.springframework.dao.CannotAcquireLockException: JDBC exception executing SQL [delete from traffic_data where date<?] [Deadlock found when trying to get lock; try restarting transaction] [n/a]; SQL [n/a]
	at org.springframework.orm.jpa.vendor.HibernateJpaDialect.convertHibernateAccessException(HibernateJpaDialect.java:283) ~[spring-orm-6.1.6.jar:6.1.6]
	at org.springframework.orm.jpa.vendor.HibernateJpaDialect.translateExceptionIfPossible(HibernateJpaDialect.java:244) ~[spring-orm-6.1.6.jar:6.1.6]
	at org.springframework.orm.jpa.AbstractEntityManagerFactoryBean.translateExceptionIfPossible(AbstractEntityManagerFactoryBean.java:550) ~[spring-orm-6.1.6.jar:6.1.6]
	at org.springframework.dao.support.ChainedPersistenceExceptionTranslator.translateExceptionIfPossible(ChainedPersistenceExceptionTranslator.java:61) ~[spring-tx-6.1.6.jar:6.1.6]
	at org.springframework.dao.support.DataAccessUtils.translateIfNecessary(DataAccessUtils.java:335) ~[spring-tx-6.1.6.jar:6.1.6]
	at org.springframework.dao.support.PersistenceExceptionTranslationInterceptor.invoke(PersistenceExceptionTranslationInterceptor.java:152) ~[spring-tx-6.1.6.jar:6.1.6]
	at org.springframework.aop.framework.ReflectiveMethodInvocation.proceed(ReflectiveMethodInvocation.java:184) ~[spring-aop-6.1.6.jar:6.1.6]
	at org.springframework.data.jpa.repository.support.CrudMethodMetadataPostProcessor$CrudMethodMetadataPopulatingMethodInterceptor.invoke(CrudMethodMetadataPostProcessor.java:135) ~[spring-data-jpa-3.2.5.jar:3.2.5]
	at org.springframework.aop.framework.ReflectiveMethodInvocation.proceed(ReflectiveMethodInvocation.java:184) ~[spring-aop-6.1.6.jar:6.1.6]
	at org.springframework.aop.interceptor.ExposeInvocationInterceptor.invoke(ExposeInvocationInterceptor.java:97) ~[spring-aop-6.1.6.jar:6.1.6]
	at org.springframework.aop.framework.ReflectiveMethodInvocation.proceed(ReflectiveMethodInvocation.java:184) ~[spring-aop-6.1.6.jar:6.1.6]
	at org.springframework.aop.framework.JdkDynamicAopProxy.invoke(JdkDynamicAopProxy.java:223) ~[spring-aop-6.1.6.jar:6.1.6]
	at jdk.proxy5/jdk.proxy5.$Proxy131.deleteDataOlderThan(Unknown Source) ~[na:na]
	at com.example.Trafficpredict.service.ITSService.cleanOldData(ITSService.java:109) ~[main/:na]
	at com.example.Trafficpredict.service.ITSService.fetchAndStoreTrafficData(ITSService.java:97) ~[main/:na]
	at java.base/jdk.internal.reflect.NativeMethodAccessorImpl.invoke0(Native Method) ~[na:na]
	at java.base/jdk.internal.reflect.NativeMethodAccessorImpl.invoke(NativeMethodAccessorImpl.java:77) ~[na:na]
	at java.base/jdk.internal.reflect.DelegatingMethodAccessorImpl.invoke(DelegatingMethodAccessorImpl.java:43) ~[na:na]
	at java.base/java.lang.reflect.Method.invoke(Method.java:568) ~[na:na]
	at org.springframework.aop.support.AopUtils.invokeJoinpointUsingReflection(AopUtils.java:354) ~[spring-aop-6.1.6.jar:6.1.6]
	at org.springframework.aop.framework.ReflectiveMethodInvocation.invokeJoinpoint(ReflectiveMethodInvocation.java:196) ~[spring-aop-6.1.6.jar:6.1.6]
	at org.springframework.aop.framework.ReflectiveMethodInvocation.proceed(ReflectiveMethodInvocation.java:163) ~[spring-aop-6.1.6.jar:6.1.6]
	at org.springframework.aop.framework.CglibAopProxy$CglibMethodInvocation.proceed(CglibAopProxy.java:768) ~[spring-aop-6.1.6.jar:6.1.6]
	at org.springframework.transaction.interceptor.TransactionInterceptor$1.proceedWithInvocation(TransactionInterceptor.java:123) ~[spring-tx-6.1.6.jar:6.1.6]
	at org.springframework.transaction.interceptor.TransactionAspectSupport.invokeWithinTransaction(TransactionAspectSupport.java:392) ~[spring-tx-6.1.6.jar:6.1.6]
	at org.springframework.transaction.interceptor.TransactionInterceptor.invoke(TransactionInterceptor.java:119) ~[spring-tx-6.1.6.jar:6.1.6]
	at org.springframework.aop.framework.ReflectiveMethodInvocation.proceed(ReflectiveMethodInvocation.java:184) ~[spring-aop-6.1.6.jar:6.1.6]
	at org.springframework.aop.framework.CglibAopProxy$CglibMethodInvocation.proceed(CglibAopProxy.java:768) ~[spring-aop-6.1.6.jar:6.1.6]
	at org.springframework.aop.interceptor.AsyncExecutionInterceptor.lambda$invoke$0(AsyncExecutionInterceptor.java:113) ~[spring-aop-6.1.6.jar:6.1.6]
	at java.base/java.util.concurrent.FutureTask.run(FutureTask.java:264) ~[na:na]
	at java.base/java.util.concurrent.ThreadPoolExecutor.runWorker(ThreadPoolExecutor.java:1136) ~[na:na]
	at java.base/java.util.concurrent.ThreadPoolExecutor$Worker.run(ThreadPoolExecutor.java:635) ~[na:na]
	at java.base/java.lang.Thread.run(Thread.java:842) ~[na:na]
Caused by: org.hibernate.exception.LockAcquisitionException: JDBC exception executing SQL [delete from traffic_data where date<?] [Deadlock found when trying to get lock; try restarting transaction] [n/a]
	at org.hibernate.dialect.MySQLDialect.lambda$buildSQLExceptionConversionDelegate$3(MySQLDialect.java:1211) ~[hibernate-core-6.4.4.Final.jar:6.4.4.Final]
	at org.hibernate.exception.internal.StandardSQLExceptionConverter.convert(StandardSQLExceptionConverter.java:58) ~[hibernate-core-6.4.4.Final.jar:6.4.4.Final]
	at org.hibernate.engine.jdbc.spi.SqlExceptionHelper.convert(SqlExceptionHelper.java:108) ~[hibernate-core-6.4.4.Final.jar:6.4.4.Final]
	at org.hibernate.engine.jdbc.spi.SqlExceptionHelper.convert(SqlExceptionHelper.java:94) ~[hibernate-core-6.4.4.Final.jar:6.4.4.Final]
	at org.hibernate.sql.exec.internal.StandardJdbcMutationExecutor.execute(StandardJdbcMutationExecutor.java:101) ~[hibernate-core-6.4.4.Final.jar:6.4.4.Final]
	at org.hibernate.query.sqm.internal.SimpleDeleteQueryPlan.executeUpdate(SimpleDeleteQueryPlan.java:191) ~[hibernate-core-6.4.4.Final.jar:6.4.4.Final]
	at org.hibernate.query.sqm.internal.QuerySqmImpl.doExecuteUpdate(QuerySqmImpl.java:705) ~[hibernate-core-6.4.4.Final.jar:6.4.4.Final]
	at org.hibernate.query.sqm.internal.QuerySqmImpl.executeUpdate(QuerySqmImpl.java:675) ~[hibernate-core-6.4.4.Final.jar:6.4.4.Final]
	at org.springframework.data.jpa.repository.query.JpaQueryExecution$ModifyingExecution.doExecute(JpaQueryExecution.java:266) ~[spring-data-jpa-3.2.5.jar:3.2.5]
	at org.springframework.data.jpa.repository.query.JpaQueryExecution.execute(JpaQueryExecution.java:92) ~[spring-data-jpa-3.2.5.jar:3.2.5]
	at org.springframework.data.jpa.repository.query.AbstractJpaQuery.doExecute(AbstractJpaQuery.java:149) ~[spring-data-jpa-3.2.5.jar:3.2.5]
	at org.springframework.data.jpa.repository.query.AbstractJpaQuery.execute(AbstractJpaQuery.java:137) ~[spring-data-jpa-3.2.5.jar:3.2.5]
	at org.springframework.data.repository.core.support.RepositoryMethodInvoker.doInvoke(RepositoryMethodInvoker.java:170) ~[spring-data-commons-3.2.5.jar:3.2.5]
	at org.springframework.data.repository.core.support.RepositoryMethodInvoker.invoke(RepositoryMethodInvoker.java:158) ~[spring-data-commons-3.2.5.jar:3.2.5]
	at org.springframework.data.repository.core.support.QueryExecutorMethodInterceptor.doInvoke(QueryExecutorMethodInterceptor.java:164) ~[spring-data-commons-3.2.5.jar:3.2.5]
	at org.springframework.data.repository.core.support.QueryExecutorMethodInterceptor.invoke(QueryExecutorMethodInterceptor.java:143) ~[spring-data-commons-3.2.5.jar:3.2.5]
	at org.springframework.aop.framework.ReflectiveMethodInvocation.proceed(ReflectiveMethodInvocation.java:184) ~[spring-aop-6.1.6.jar:6.1.6]
	at org.springframework.transaction.interceptor.TransactionInterceptor$1.proceedWithInvocation(TransactionInterceptor.java:123) ~[spring-tx-6.1.6.jar:6.1.6]
	at org.springframework.transaction.interceptor.TransactionAspectSupport.invokeWithinTransaction(TransactionAspectSupport.java:392) ~[spring-tx-6.1.6.jar:6.1.6]
	at org.springframework.transaction.interceptor.TransactionInterceptor.invoke(TransactionInterceptor.java:119) ~[spring-tx-6.1.6.jar:6.1.6]
	at org.springframework.aop.framework.ReflectiveMethodInvocation.proceed(ReflectiveMethodInvocation.java:184) ~[spring-aop-6.1.6.jar:6.1.6]
	at org.springframework.dao.support.PersistenceExceptionTranslationInterceptor.invoke(PersistenceExceptionTranslationInterceptor.java:137) ~[spring-tx-6.1.6.jar:6.1.6]
	... 27 common frames omitted
Caused by: com.mysql.cj.jdbc.exceptions.MySQLTransactionRollbackException: Deadlock found when trying to get lock; try restarting transaction
	at com.mysql.cj.jdbc.exceptions.SQLError.createSQLException(SQLError.java:123) ~[mysql-connector-java-8.0.26.jar:8.0.26]
	at com.mysql.cj.jdbc.exceptions.SQLExceptionsMapping.translateException(SQLExceptionsMapping.java:122) ~[mysql-connector-java-8.0.26.jar:8.0.26]
	at com.mysql.cj.jdbc.ClientPreparedStatement.executeInternal(ClientPreparedStatement.java:953) ~[mysql-connector-java-8.0.26.jar:8.0.26]
	at com.mysql.cj.jdbc.ClientPreparedStatement.executeUpdateInternal(ClientPreparedStatement.java:1092) ~[mysql-connector-java-8.0.26.jar:8.0.26]
	at com.mysql.cj.jdbc.ClientPreparedStatement.executeUpdateInternal(ClientPreparedStatement.java:1040) ~[mysql-connector-java-8.0.26.jar:8.0.26]
	at com.mysql.cj.jdbc.ClientPreparedStatement.executeLargeUpdate(ClientPreparedStatement.java:1350) ~[mysql-connector-java-8.0.26.jar:8.0.26]
	at com.mysql.cj.jdbc.ClientPreparedStatement.executeUpdate(ClientPreparedStatement.java:1025) ~[mysql-connector-java-8.0.26.jar:8.0.26]
	at com.zaxxer.hikari.pool.ProxyPreparedStatement.executeUpdate(ProxyPreparedStatement.java:61) ~[HikariCP-5.0.1.jar:na]
	at com.zaxxer.hikari.pool.HikariProxyPreparedStatement.executeUpdate(HikariProxyPreparedStatement.java) ~[HikariCP-5.0.1.jar:na]
	at org.hibernate.sql.exec.internal.StandardJdbcMutationExecutor.execute(StandardJdbcMutationExecutor.java:87) ~[hibernate-core-6.4.4.Final.jar:6.4.4.Final]
	... 44 common frames omitted

2024-06-25 00:24:50.816 ERROR 1876 --- [Traffic-predict] [ITS-2] .a.i.SimpleAsyncUncaughtExceptionHandler : Unexpected exception occurred invoking async method: public void com.example.Trafficpredict.service.ITSService.fetchAndStoreTrafficData()

org.springframework.transaction.UnexpectedRollbackException: Transaction silently rolled back because it has been marked as rollback-only
	at org.springframework.transaction.support.AbstractPlatformTransactionManager.processCommit(AbstractPlatformTransactionManager.java:803) ~[spring-tx-6.1.6.jar:6.1.6]
	at org.springframework.transaction.support.AbstractPlatformTransactionManager.commit(AbstractPlatformTransactionManager.java:757) ~[spring-tx-6.1.6.jar:6.1.6]
	at org.springframework.transaction.interceptor.TransactionAspectSupport.commitTransactionAfterReturning(TransactionAspectSupport.java:676) ~[spring-tx-6.1.6.jar:6.1.6]
	at org.springframework.transaction.interceptor.TransactionAspectSupport.invokeWithinTransaction(TransactionAspectSupport.java:426) ~[spring-tx-6.1.6.jar:6.1.6]
	at org.springframework.transaction.interceptor.TransactionInterceptor.invoke(TransactionInterceptor.java:119) ~[spring-tx-6.1.6.jar:6.1.6]
	at org.springframework.aop.framework.ReflectiveMethodInvocation.proceed(ReflectiveMethodInvocation.java:184) ~[spring-aop-6.1.6.jar:6.1.6]
	at org.springframework.aop.framework.CglibAopProxy$CglibMethodInvocation.proceed(CglibAopProxy.java:768) ~[spring-aop-6.1.6.jar:6.1.6]
	at org.springframework.aop.interceptor.AsyncExecutionInterceptor.lambda$invoke$0(AsyncExecutionInterceptor.java:113) ~[spring-aop-6.1.6.jar:6.1.6]
	at java.base/java.util.concurrent.FutureTask.run(FutureTask.java:264) ~[na:na]
	at java.base/java.util.concurrent.ThreadPoolExecutor.runWorker(ThreadPoolExecutor.java:1136) ~[na:na]
	at java.base/java.util.concurrent.ThreadPoolExecutor$Worker.run(ThreadPoolExecutor.java:635) ~[na:na]
	at java.base/java.lang.Thread.run(Thread.java:842) ~[na:na]

