2024-05-30 03:21:02.347  INFO 12940 --- [Traffic-predict] [restartedMain] c.e.T.TrafficPredictApplication          : Starting TrafficPredictApplication using Java 17.0.10 with PID 12940 (C:\Users\geonwoo\Documents\spring\Traffic-predict\build\classes\java\main started by geonwoo in C:\Users\geonwoo\Documents\spring\Traffic-predict)
2024-05-30 03:21:02.350  INFO 12940 --- [Traffic-predict] [restartedMain] c.e.T.TrafficPredictApplication          : No active profile set, falling back to 1 default profile: "default"
2024-05-30 03:21:02.478  INFO 12940 --- [Traffic-predict] [restartedMain] .e.DevToolsPropertyDefaultsPostProcessor : Devtools property defaults active! Set 'spring.devtools.add-properties' to 'false' to disable
2024-05-30 03:21:02.479  INFO 12940 --- [Traffic-predict] [restartedMain] .e.DevToolsPropertyDefaultsPostProcessor : For additional web related logging consider setting the 'logging.level.web' property to 'DEBUG'
2024-05-30 03:21:03.560  INFO 12940 --- [Traffic-predict] [restartedMain] .s.d.r.c.RepositoryConfigurationDelegate : Bootstrapping Spring Data JPA repositories in DEFAULT mode.
2024-05-30 03:21:03.641  INFO 12940 --- [Traffic-predict] [restartedMain] .s.d.r.c.RepositoryConfigurationDelegate : Finished Spring Data repository scanning in 65 ms. Found 1 JPA repository interface.
2024-05-30 03:21:04.963  INFO 12940 --- [Traffic-predict] [restartedMain] o.s.b.w.embedded.tomcat.TomcatWebServer  : Tomcat initialized with port 8080 (http)
2024-05-30 03:21:04.983  INFO 12940 --- [Traffic-predict] [restartedMain] o.apache.catalina.core.StandardService   : Starting service [Tomcat]
2024-05-30 03:21:04.983  INFO 12940 --- [Traffic-predict] [restartedMain] o.apache.catalina.core.StandardEngine    : Starting Servlet engine: [Apache Tomcat/10.1.20]
2024-05-30 03:21:05.072  INFO 12940 --- [Traffic-predict] [restartedMain] o.a.c.c.C.[Tomcat].[localhost].[/]       : Initializing Spring embedded WebApplicationContext
2024-05-30 03:21:05.073  INFO 12940 --- [Traffic-predict] [restartedMain] w.s.c.ServletWebServerApplicationContext : Root WebApplicationContext: initialization completed in 2592 ms
2024-05-30 03:21:05.354  INFO 12940 --- [Traffic-predict] [restartedMain] o.hibernate.jpa.internal.util.LogHelper  : HHH000204: Processing PersistenceUnitInfo [name: default]
2024-05-30 03:21:05.513  INFO 12940 --- [Traffic-predict] [restartedMain] org.hibernate.Version                    : HHH000412: Hibernate ORM core version 6.4.4.Final
2024-05-30 03:21:05.593  INFO 12940 --- [Traffic-predict] [restartedMain] o.h.c.internal.RegionFactoryInitiator    : HHH000026: Second-level cache disabled
2024-05-30 03:21:06.092  INFO 12940 --- [Traffic-predict] [restartedMain] o.s.o.j.p.SpringPersistenceUnitInfo      : No LoadTimeWeaver setup: ignoring JPA class transformer
2024-05-30 03:21:06.149  INFO 12940 --- [Traffic-predict] [restartedMain] com.zaxxer.hikari.HikariDataSource       : HikariPool-1 - Starting...
2024-05-30 03:21:06.911  INFO 12940 --- [Traffic-predict] [restartedMain] com.zaxxer.hikari.pool.HikariPool        : HikariPool-1 - Added connection com.mysql.cj.jdbc.ConnectionImpl@7a39bc63
2024-05-30 03:21:06.915  INFO 12940 --- [Traffic-predict] [restartedMain] com.zaxxer.hikari.HikariDataSource       : HikariPool-1 - Start completed.
2024-05-30 03:21:07.020  WARN 12940 --- [Traffic-predict] [restartedMain] org.hibernate.orm.deprecation            : HHH90000025: MySQLDialect does not need to be specified explicitly using 'hibernate.dialect' (remove the property setting and it will be selected by default)
2024-05-30 03:21:08.507  INFO 12940 --- [Traffic-predict] [restartedMain] o.h.e.t.j.p.i.JtaPlatformInitiator       : HHH000489: No JTA platform available (set 'hibernate.transaction.jta.platform' to enable JTA platform integration)
2024-05-30 03:21:08.613  INFO 12940 --- [Traffic-predict] [restartedMain] j.LocalContainerEntityManagerFactoryBean : Initialized JPA EntityManagerFactory for persistence unit 'default'
2024-05-30 03:21:09.038  INFO 12940 --- [Traffic-predict] [restartedMain] o.s.d.j.r.query.QueryEnhancerFactory     : Hibernate is in classpath; If applicable, HQL parser will be used.
2024-05-30 03:21:09.862  WARN 12940 --- [Traffic-predict] [restartedMain] JpaBaseConfiguration$JpaWebConfiguration : spring.jpa.open-in-view is enabled by default. Therefore, database queries may be performed during view rendering. Explicitly configure spring.jpa.open-in-view to disable this warning
2024-05-30 03:21:10.453  INFO 12940 --- [Traffic-predict] [restartedMain] o.s.b.d.a.OptionalLiveReloadServer       : LiveReload server is running on port 35729
2024-05-30 03:21:10.562  INFO 12940 --- [Traffic-predict] [restartedMain] o.s.b.w.embedded.tomcat.TomcatWebServer  : Tomcat started on port 8080 (http) with context path ''
2024-05-30 03:21:10.589  INFO 12940 --- [Traffic-predict] [restartedMain] c.e.T.TrafficPredictApplication          : Started TrafficPredictApplication in 8.932 seconds (process running for 11.229)
2024-05-30 03:21:10.620  INFO 12940 --- [Traffic-predict] [ITS-1] c.e.Trafficpredict.service.ITSService    : fetchAndStoreTrafficData started in thread: ITS-1
2024-05-30 03:21:14.417  INFO 12940 --- [Traffic-predict] [ITS-1] c.e.Trafficpredict.service.ITSService    : Batch processing started in thread: ITS-1. Total items to process: 8588
2024-05-30 03:21:15.591  INFO 12940 --- [Traffic-predict] [ITS-1] c.e.Trafficpredict.service.ITSService    : Processed batch from index 0 to 199. Batch size: 200
2024-05-30 03:21:16.593  INFO 12940 --- [Traffic-predict] [ITS-1] c.e.Trafficpredict.service.ITSService    : Processed batch from index 200 to 399. Batch size: 200
2024-05-30 03:21:17.526  INFO 12940 --- [Traffic-predict] [ITS-1] c.e.Trafficpredict.service.ITSService    : Processed batch from index 400 to 599. Batch size: 200
2024-05-30 03:21:18.448  INFO 12940 --- [Traffic-predict] [ITS-1] c.e.Trafficpredict.service.ITSService    : Processed batch from index 600 to 799. Batch size: 200
2024-05-30 03:21:19.358  INFO 12940 --- [Traffic-predict] [ITS-1] c.e.Trafficpredict.service.ITSService    : Processed batch from index 800 to 999. Batch size: 200
2024-05-30 03:21:20.477  INFO 12940 --- [Traffic-predict] [ITS-1] c.e.Trafficpredict.service.ITSService    : Processed batch from index 1000 to 1199. Batch size: 200
2024-05-30 03:21:21.429  INFO 12940 --- [Traffic-predict] [ITS-1] c.e.Trafficpredict.service.ITSService    : Processed batch from index 1200 to 1399. Batch size: 200
2024-05-30 03:21:22.373  INFO 12940 --- [Traffic-predict] [ITS-1] c.e.Trafficpredict.service.ITSService    : Processed batch from index 1400 to 1599. Batch size: 200
2024-05-30 03:21:23.260  INFO 12940 --- [Traffic-predict] [ITS-1] c.e.Trafficpredict.service.ITSService    : Processed batch from index 1600 to 1799. Batch size: 200
2024-05-30 03:21:24.169  INFO 12940 --- [Traffic-predict] [ITS-1] c.e.Trafficpredict.service.ITSService    : Processed batch from index 1800 to 1999. Batch size: 200
2024-05-30 03:21:25.178  INFO 12940 --- [Traffic-predict] [ITS-1] c.e.Trafficpredict.service.ITSService    : Processed batch from index 2000 to 2199. Batch size: 200
2024-05-30 03:21:26.088  INFO 12940 --- [Traffic-predict] [ITS-1] c.e.Trafficpredict.service.ITSService    : Processed batch from index 2200 to 2399. Batch size: 200
2024-05-30 03:21:26.976  INFO 12940 --- [Traffic-predict] [ITS-1] c.e.Trafficpredict.service.ITSService    : Processed batch from index 2400 to 2599. Batch size: 200
2024-05-30 03:21:27.935  INFO 12940 --- [Traffic-predict] [ITS-1] c.e.Trafficpredict.service.ITSService    : Processed batch from index 2600 to 2799. Batch size: 200
2024-05-30 03:21:29.063  INFO 12940 --- [Traffic-predict] [ITS-1] c.e.Trafficpredict.service.ITSService    : Processed batch from index 2800 to 2999. Batch size: 200
2024-05-30 03:21:29.955  INFO 12940 --- [Traffic-predict] [ITS-1] c.e.Trafficpredict.service.ITSService    : Processed batch from index 3000 to 3199. Batch size: 200
2024-05-30 03:21:30.934  INFO 12940 --- [Traffic-predict] [ITS-1] c.e.Trafficpredict.service.ITSService    : Processed batch from index 3200 to 3399. Batch size: 200
2024-05-30 03:21:32.115  INFO 12940 --- [Traffic-predict] [ITS-1] c.e.Trafficpredict.service.ITSService    : Processed batch from index 3400 to 3599. Batch size: 200
2024-05-30 03:21:33.032  INFO 12940 --- [Traffic-predict] [ITS-1] c.e.Trafficpredict.service.ITSService    : Processed batch from index 3600 to 3799. Batch size: 200
2024-05-30 03:21:33.964  INFO 12940 --- [Traffic-predict] [ITS-1] c.e.Trafficpredict.service.ITSService    : Processed batch from index 3800 to 3999. Batch size: 200
2024-05-30 03:21:34.935  INFO 12940 --- [Traffic-predict] [ITS-1] c.e.Trafficpredict.service.ITSService    : Processed batch from index 4000 to 4199. Batch size: 200
2024-05-30 03:21:35.939  INFO 12940 --- [Traffic-predict] [ITS-1] c.e.Trafficpredict.service.ITSService    : Processed batch from index 4200 to 4399. Batch size: 200
2024-05-30 03:21:36.840  INFO 12940 --- [Traffic-predict] [ITS-1] c.e.Trafficpredict.service.ITSService    : Processed batch from index 4400 to 4599. Batch size: 200
2024-05-30 03:21:37.773  INFO 12940 --- [Traffic-predict] [ITS-1] c.e.Trafficpredict.service.ITSService    : Processed batch from index 4600 to 4799. Batch size: 200
2024-05-30 03:21:38.693  INFO 12940 --- [Traffic-predict] [ITS-1] c.e.Trafficpredict.service.ITSService    : Processed batch from index 4800 to 4999. Batch size: 200
2024-05-30 03:21:39.580  INFO 12940 --- [Traffic-predict] [ITS-1] c.e.Trafficpredict.service.ITSService    : Processed batch from index 5000 to 5199. Batch size: 200
2024-05-30 03:21:40.498  INFO 12940 --- [Traffic-predict] [ITS-1] c.e.Trafficpredict.service.ITSService    : Processed batch from index 5200 to 5399. Batch size: 200
2024-05-30 03:21:41.419  INFO 12940 --- [Traffic-predict] [ITS-1] c.e.Trafficpredict.service.ITSService    : Processed batch from index 5400 to 5599. Batch size: 200
2024-05-30 03:21:42.357  INFO 12940 --- [Traffic-predict] [ITS-1] c.e.Trafficpredict.service.ITSService    : Processed batch from index 5600 to 5799. Batch size: 200
2024-05-30 03:21:43.254  INFO 12940 --- [Traffic-predict] [ITS-1] c.e.Trafficpredict.service.ITSService    : Processed batch from index 5800 to 5999. Batch size: 200
2024-05-30 03:21:44.168  INFO 12940 --- [Traffic-predict] [ITS-1] c.e.Trafficpredict.service.ITSService    : Processed batch from index 6000 to 6199. Batch size: 200
2024-05-30 03:21:45.094  INFO 12940 --- [Traffic-predict] [ITS-1] c.e.Trafficpredict.service.ITSService    : Processed batch from index 6200 to 6399. Batch size: 200
2024-05-30 03:21:46.000  INFO 12940 --- [Traffic-predict] [ITS-1] c.e.Trafficpredict.service.ITSService    : Processed batch from index 6400 to 6599. Batch size: 200
2024-05-30 03:21:46.934  INFO 12940 --- [Traffic-predict] [ITS-1] c.e.Trafficpredict.service.ITSService    : Processed batch from index 6600 to 6799. Batch size: 200
2024-05-30 03:21:47.868  INFO 12940 --- [Traffic-predict] [ITS-1] c.e.Trafficpredict.service.ITSService    : Processed batch from index 6800 to 6999. Batch size: 200
2024-05-30 03:21:48.853  INFO 12940 --- [Traffic-predict] [ITS-1] c.e.Trafficpredict.service.ITSService    : Processed batch from index 7000 to 7199. Batch size: 200
2024-05-30 03:21:49.725  INFO 12940 --- [Traffic-predict] [ITS-1] c.e.Trafficpredict.service.ITSService    : Processed batch from index 7200 to 7399. Batch size: 200
2024-05-30 03:21:50.609  INFO 12940 --- [Traffic-predict] [ITS-1] c.e.Trafficpredict.service.ITSService    : Processed batch from index 7400 to 7599. Batch size: 200
2024-05-30 03:21:51.561  INFO 12940 --- [Traffic-predict] [ITS-1] c.e.Trafficpredict.service.ITSService    : Processed batch from index 7600 to 7799. Batch size: 200
2024-05-30 03:21:52.488  INFO 12940 --- [Traffic-predict] [ITS-1] c.e.Trafficpredict.service.ITSService    : Processed batch from index 7800 to 7999. Batch size: 200
2024-05-30 03:21:53.379  INFO 12940 --- [Traffic-predict] [ITS-1] c.e.Trafficpredict.service.ITSService    : Processed batch from index 8000 to 8199. Batch size: 200
2024-05-30 03:21:54.290  INFO 12940 --- [Traffic-predict] [ITS-1] c.e.Trafficpredict.service.ITSService    : Processed batch from index 8200 to 8399. Batch size: 200
2024-05-30 03:21:55.136  INFO 12940 --- [Traffic-predict] [ITS-1] c.e.Trafficpredict.service.ITSService    : Processed batch from index 8400 to 8587. Batch size: 188
2024-05-30 03:21:55.137  INFO 12940 --- [Traffic-predict] [ITS-1] c.e.Trafficpredict.service.ITSService    : Batch processing completed. Total items processed: 8588
2024-05-30 03:21:55.137  INFO 12940 --- [Traffic-predict] [ITS-1] c.e.Trafficpredict.service.ITSService    : Scheduled API call executed successfully.
2024-05-30 03:21:55.958  INFO 12940 --- [Traffic-predict] [ITS-1] c.e.Trafficpredict.service.ITSService    : Cache updated with the most recent traffic data.
2024-05-30 03:21:56.198  INFO 12940 --- [Traffic-predict] [ITS-1] c.e.Trafficpredict.service.ITSService    : Old data cleaned up successfully. Before: 17176, After: 17176
2024-05-30 03:22:04.681  INFO 12940 --- [Traffic-predict] [http-nio-8080-exec-1] o.a.c.c.C.[Tomcat].[localhost].[/]       : Initializing Spring DispatcherServlet 'dispatcherServlet'
2024-05-30 03:22:04.683  INFO 12940 --- [Traffic-predict] [http-nio-8080-exec-1] o.s.web.servlet.DispatcherServlet        : Initializing Servlet 'dispatcherServlet'
2024-05-30 03:22:04.685  INFO 12940 --- [Traffic-predict] [http-nio-8080-exec-1] o.s.web.servlet.DispatcherServlet        : Completed initialization in 2 ms
2024-05-30 03:22:05.001  INFO 12940 --- [Traffic-predict] [http-nio-8080-exec-1] c.e.T.controller.TrafficController       : Received /recent request in thread: http-nio-8080-exec-1
2024-05-30 03:22:05.025  INFO 12940 --- [Traffic-predict] [http-nio-8080-exec-1] c.e.T.service.TrafficService             : Processing findRecentTrafficDataByNodeIds in thread: http-nio-8080-exec-1
2024-05-30 03:22:05.418  INFO 12940 --- [Traffic-predict] [http-nio-8080-exec-1] c.e.T.service.TrafficService             : findRecentTrafficDataByNodeIds processed successfully in thread: http-nio-8080-exec-1
2024-05-30 03:22:05.432  INFO 12940 --- [Traffic-predict] [http-nio-8080-exec-1] c.e.T.controller.TrafficController       : /recent request processed successfully in thread: http-nio-8080-exec-1
2024-05-30 03:22:19.237  INFO 12940 --- [Traffic-predict] [SpringApplicationShutdownHook] j.LocalContainerEntityManagerFactoryBean : Closing JPA EntityManagerFactory for persistence unit 'default'
2024-05-30 03:22:19.243  INFO 12940 --- [Traffic-predict] [SpringApplicationShutdownHook] com.zaxxer.hikari.HikariDataSource       : HikariPool-1 - Shutdown initiated...
2024-05-30 03:22:19.290  INFO 12940 --- [Traffic-predict] [SpringApplicationShutdownHook] com.zaxxer.hikari.HikariDataSource       : HikariPool-1 - Shutdown completed.
